10-Jun-2025 09:52:34.118 INFO [main] org.apache.catalina.startup.VersionLoggerListener.log Server version name:   Apache Tomcat/9.0.64
10-Jun-2025 09:52:34.177 INFO [main] org.apache.catalina.startup.VersionLoggerListener.log Server built:          Jun 2 2022 19:08:46 UTC
10-Jun-2025 09:52:34.178 INFO [main] org.apache.catalina.startup.VersionLoggerListener.log Server version number: 9.0.64.0
10-Jun-2025 09:52:34.178 INFO [main] org.apache.catalina.startup.VersionLoggerListener.log OS Name:               Windows 10
10-Jun-2025 09:52:34.179 INFO [main] org.apache.catalina.startup.VersionLoggerListener.log OS Version:            10.0
10-Jun-2025 09:52:34.181 INFO [main] org.apache.catalina.startup.VersionLoggerListener.log Architecture:          amd64
10-Jun-2025 09:52:34.183 INFO [main] org.apache.catalina.startup.VersionLoggerListener.log Java Home:             F:\Personal Items\softwares\jdk-21
10-Jun-2025 09:52:34.183 INFO [main] org.apache.catalina.startup.VersionLoggerListener.log JVM Version:           21+35-LTS-2513
10-Jun-2025 09:52:34.184 INFO [main] org.apache.catalina.startup.VersionLoggerListener.log JVM Vendor:            Oracle Corporation
10-Jun-2025 09:52:34.184 INFO [main] org.apache.catalina.startup.VersionLoggerListener.log CATALINA_BASE:         F:\University Course Meterials\year3\sem 1\ServerSide programing\Lectures\mvc-spring
10-Jun-2025 09:52:34.185 INFO [main] org.apache.catalina.startup.VersionLoggerListener.log CATALINA_HOME:         F:\tomcat\apache-tomcat-9.0.64
10-Jun-2025 09:52:34.238 INFO [main] org.apache.catalina.startup.VersionLoggerListener.log Command line argument: --add-opens=java.base/java.lang=ALL-UNNAMED
10-Jun-2025 09:52:34.239 INFO [main] org.apache.catalina.startup.VersionLoggerListener.log Command line argument: --add-opens=java.base/java.io=ALL-UNNAMED
10-Jun-2025 09:52:34.239 INFO [main] org.apache.catalina.startup.VersionLoggerListener.log Command line argument: --add-opens=java.base/java.util=ALL-UNNAMED
10-Jun-2025 09:52:34.240 INFO [main] org.apache.catalina.startup.VersionLoggerListener.log Command line argument: --add-opens=java.base/java.util.concurrent=ALL-UNNAMED
10-Jun-2025 09:52:34.240 INFO [main] org.apache.catalina.startup.VersionLoggerListener.log Command line argument: --add-opens=java.rmi/sun.rmi.transport=ALL-UNNAMED
10-Jun-2025 09:52:34.240 INFO [main] org.apache.catalina.startup.VersionLoggerListener.log Command line argument: -Dcatalina.home=F:\tomcat\apache-tomcat-9.0.64
10-Jun-2025 09:52:34.241 INFO [main] org.apache.catalina.startup.VersionLoggerListener.log Command line argument: -Dcatalina.base=F:\University Course Meterials\year3\sem 1\ServerSide programing\Lectures\mvc-spring
10-Jun-2025 09:52:34.241 INFO [main] org.apache.catalina.startup.VersionLoggerListener.log Command line argument: -Djava.io.tmpdir=F:\University Course Meterials\year3\sem 1\ServerSide programing\Lectures\mvc-spring\temp
10-Jun-2025 09:52:34.242 INFO [main] org.apache.catalina.startup.VersionLoggerListener.log Command line argument: -Djava.util.logging.config.file=F:\University Course Meterials\year3\sem 1\ServerSide programing\Lectures\mvc-spring\conf\logging.properties
10-Jun-2025 09:52:34.243 INFO [main] org.apache.catalina.startup.VersionLoggerListener.log Command line argument: -Djava.util.logging.manager=org.apache.juli.ClassLoaderLogManager
10-Jun-2025 09:52:34.243 INFO [main] org.apache.catalina.startup.VersionLoggerListener.log Command line argument: -javaagent:C:\Program Files\JetBrains\IntelliJ IDEA Community Edition 2023.1.2\lib\idea_rt.jar=54310:C:\Program Files\JetBrains\IntelliJ IDEA Community Edition 2023.1.2\bin
10-Jun-2025 09:52:34.243 INFO [main] org.apache.catalina.startup.VersionLoggerListener.log Command line argument: -Dfile.encoding=UTF-8
10-Jun-2025 09:52:34.243 INFO [main] org.apache.catalina.startup.VersionLoggerListener.log Command line argument: -Dsun.stdout.encoding=UTF-8
10-Jun-2025 09:52:34.244 INFO [main] org.apache.catalina.startup.VersionLoggerListener.log Command line argument: -Dsun.stderr.encoding=UTF-8
10-Jun-2025 09:52:34.751 INFO [main] org.apache.catalina.core.AprLifecycleListener.lifecycleEvent Loaded Apache Tomcat Native library [1.2.33] using APR version [1.7.0].
10-Jun-2025 09:52:34.752 INFO [main] org.apache.catalina.core.AprLifecycleListener.lifecycleEvent APR capabilities: IPv6 [true], sendfile [true], accept filters [false], random [true], UDS [true].
10-Jun-2025 09:52:34.758 INFO [main] org.apache.catalina.core.AprLifecycleListener.lifecycleEvent APR/OpenSSL configuration: useAprConnector [false], useOpenSSL [true]
10-Jun-2025 09:52:35.377 INFO [main] org.apache.catalina.core.AprLifecycleListener.initializeSSL OpenSSL successfully initialized [OpenSSL 1.1.1o  3 May 2022]
10-Jun-2025 09:52:36.973 INFO [main] org.apache.coyote.AbstractProtocol.init Initializing ProtocolHandler ["http-nio-8080"]
10-Jun-2025 09:52:37.012 INFO [main] org.apache.catalina.startup.Catalina.load Server initialization in [4361] milliseconds
10-Jun-2025 09:52:37.239 INFO [main] org.apache.catalina.core.StandardService.startInternal Starting service [Catalina]
10-Jun-2025 09:52:37.239 INFO [main] org.apache.catalina.core.StandardEngine.startInternal Starting Servlet engine: [Apache Tomcat/9.0.64]
10-Jun-2025 09:52:37.252 INFO [main] org.apache.catalina.startup.HostConfig.deployDescriptor Deploying deployment descriptor [F:\University Course Meterials\year3\sem 1\ServerSide programing\Lectures\mvc-spring\conf\Catalina\localhost\ROOT.xml]
10-Jun-2025 09:52:40.580 INFO [main] org.apache.jasper.servlet.TldScanner.scanJars At least one JAR was scanned for TLDs yet contained no TLDs. Enable debug logging for this logger for a complete list of JARs that were scanned but no TLDs were found in them. Skipping unneeded JARs during scanning can improve startup time and JSP compilation time.
10-Jun-2025 09:52:40.817 INFO [main] org.apache.catalina.startup.HostConfig.deployDescriptor Deployment of deployment descriptor [F:\University Course Meterials\year3\sem 1\ServerSide programing\Lectures\mvc-spring\conf\Catalina\localhost\ROOT.xml] has finished in [3,563] ms
10-Jun-2025 09:52:40.827 INFO [main] org.apache.coyote.AbstractProtocol.start Starting ProtocolHandler ["http-nio-8080"]
10-Jun-2025 09:52:40.944 INFO [main] org.apache.catalina.startup.Catalina.start Server startup in [3927] milliseconds
10-Jun-2025 09:52:48.193 INFO [http-nio-8080-exec-3] org.springframework.web.servlet.FrameworkServlet.initServletBean Initializing Servlet 'spring'
10-Jun-2025 09:52:50.832 INFO [http-nio-8080-exec-3] org.springframework.web.servlet.FrameworkServlet.initServletBean Completed initialization in 2637 ms
10-Jun-2025 09:52:50.871 WARNING [http-nio-8080-exec-3] org.springframework.web.servlet.DispatcherServlet.noHandlerFound No mapping for GET /favicon.ico
10-Jun-2025 09:52:53.935 WARNING [http-nio-8080-exec-4] org.springframework.web.servlet.DispatcherServlet.noHandlerFound No mapping for GET /add
10-Jun-2025 09:54:46.584 INFO [Thread-2] org.apache.coyote.AbstractProtocol.pause Pausing ProtocolHandler ["http-nio-8080"]
10-Jun-2025 09:54:46.596 INFO [Thread-2] org.apache.catalina.core.StandardService.stopInternal Stopping service [Catalina]
10-Jun-2025 09:54:46.622 INFO [Thread-2] org.apache.coyote.AbstractProtocol.stop Stopping ProtocolHandler ["http-nio-8080"]
10-Jun-2025 09:54:46.630 INFO [Thread-2] org.apache.coyote.AbstractProtocol.destroy Destroying ProtocolHandler ["http-nio-8080"]
10-Jun-2025 09:54:54.924 INFO [main] org.apache.catalina.startup.VersionLoggerListener.log Server version name:   Apache Tomcat/9.0.64
10-Jun-2025 09:54:54.934 INFO [main] org.apache.catalina.startup.VersionLoggerListener.log Server built:          Jun 2 2022 19:08:46 UTC
10-Jun-2025 09:54:54.937 INFO [main] org.apache.catalina.startup.VersionLoggerListener.log Server version number: 9.0.64.0
10-Jun-2025 09:54:54.938 INFO [main] org.apache.catalina.startup.VersionLoggerListener.log OS Name:               Windows 10
10-Jun-2025 09:54:54.938 INFO [main] org.apache.catalina.startup.VersionLoggerListener.log OS Version:            10.0
10-Jun-2025 09:54:54.939 INFO [main] org.apache.catalina.startup.VersionLoggerListener.log Architecture:          amd64
10-Jun-2025 09:54:54.939 INFO [main] org.apache.catalina.startup.VersionLoggerListener.log Java Home:             F:\Personal Items\softwares\jdk-21
10-Jun-2025 09:54:54.939 INFO [main] org.apache.catalina.startup.VersionLoggerListener.log JVM Version:           21+35-LTS-2513
10-Jun-2025 09:54:54.939 INFO [main] org.apache.catalina.startup.VersionLoggerListener.log JVM Vendor:            Oracle Corporation
10-Jun-2025 09:54:54.939 INFO [main] org.apache.catalina.startup.VersionLoggerListener.log CATALINA_BASE:         F:\University Course Meterials\year3\sem 1\ServerSide programing\Lectures\mvc-spring
10-Jun-2025 09:54:54.940 INFO [main] org.apache.catalina.startup.VersionLoggerListener.log CATALINA_HOME:         F:\tomcat\apache-tomcat-9.0.64
10-Jun-2025 09:54:54.952 INFO [main] org.apache.catalina.startup.VersionLoggerListener.log Command line argument: --add-opens=java.base/java.lang=ALL-UNNAMED
10-Jun-2025 09:54:54.953 INFO [main] org.apache.catalina.startup.VersionLoggerListener.log Command line argument: --add-opens=java.base/java.io=ALL-UNNAMED
10-Jun-2025 09:54:54.953 INFO [main] org.apache.catalina.startup.VersionLoggerListener.log Command line argument: --add-opens=java.base/java.util=ALL-UNNAMED
10-Jun-2025 09:54:54.953 INFO [main] org.apache.catalina.startup.VersionLoggerListener.log Command line argument: --add-opens=java.base/java.util.concurrent=ALL-UNNAMED
10-Jun-2025 09:54:54.954 INFO [main] org.apache.catalina.startup.VersionLoggerListener.log Command line argument: --add-opens=java.rmi/sun.rmi.transport=ALL-UNNAMED
10-Jun-2025 09:54:54.954 INFO [main] org.apache.catalina.startup.VersionLoggerListener.log Command line argument: -Dcatalina.home=F:\tomcat\apache-tomcat-9.0.64
10-Jun-2025 09:54:54.954 INFO [main] org.apache.catalina.startup.VersionLoggerListener.log Command line argument: -Dcatalina.base=F:\University Course Meterials\year3\sem 1\ServerSide programing\Lectures\mvc-spring
10-Jun-2025 09:54:54.955 INFO [main] org.apache.catalina.startup.VersionLoggerListener.log Command line argument: -Djava.io.tmpdir=F:\University Course Meterials\year3\sem 1\ServerSide programing\Lectures\mvc-spring\temp
10-Jun-2025 09:54:54.955 INFO [main] org.apache.catalina.startup.VersionLoggerListener.log Command line argument: -Djava.util.logging.config.file=F:\University Course Meterials\year3\sem 1\ServerSide programing\Lectures\mvc-spring\conf\logging.properties
10-Jun-2025 09:54:54.955 INFO [main] org.apache.catalina.startup.VersionLoggerListener.log Command line argument: -Djava.util.logging.manager=org.apache.juli.ClassLoaderLogManager
10-Jun-2025 09:54:54.956 INFO [main] org.apache.catalina.startup.VersionLoggerListener.log Command line argument: -javaagent:C:\Program Files\JetBrains\IntelliJ IDEA Community Edition 2023.1.2\lib\idea_rt.jar=54324:C:\Program Files\JetBrains\IntelliJ IDEA Community Edition 2023.1.2\bin
10-Jun-2025 09:54:54.956 INFO [main] org.apache.catalina.startup.VersionLoggerListener.log Command line argument: -Dfile.encoding=UTF-8
10-Jun-2025 09:54:54.956 INFO [main] org.apache.catalina.startup.VersionLoggerListener.log Command line argument: -Dsun.stdout.encoding=UTF-8
10-Jun-2025 09:54:54.956 INFO [main] org.apache.catalina.startup.VersionLoggerListener.log Command line argument: -Dsun.stderr.encoding=UTF-8
10-Jun-2025 09:54:54.963 INFO [main] org.apache.catalina.core.AprLifecycleListener.lifecycleEvent Loaded Apache Tomcat Native library [1.2.33] using APR version [1.7.0].
10-Jun-2025 09:54:54.963 INFO [main] org.apache.catalina.core.AprLifecycleListener.lifecycleEvent APR capabilities: IPv6 [true], sendfile [true], accept filters [false], random [true], UDS [true].
10-Jun-2025 09:54:54.963 INFO [main] org.apache.catalina.core.AprLifecycleListener.lifecycleEvent APR/OpenSSL configuration: useAprConnector [false], useOpenSSL [true]
10-Jun-2025 09:54:54.976 INFO [main] org.apache.catalina.core.AprLifecycleListener.initializeSSL OpenSSL successfully initialized [OpenSSL 1.1.1o  3 May 2022]
10-Jun-2025 09:54:55.835 INFO [main] org.apache.coyote.AbstractProtocol.init Initializing ProtocolHandler ["http-nio-8080"]
10-Jun-2025 09:54:55.890 INFO [main] org.apache.catalina.startup.Catalina.load Server initialization in [1541] milliseconds
10-Jun-2025 09:54:56.026 INFO [main] org.apache.catalina.core.StandardService.startInternal Starting service [Catalina]
10-Jun-2025 09:54:56.026 INFO [main] org.apache.catalina.core.StandardEngine.startInternal Starting Servlet engine: [Apache Tomcat/9.0.64]
10-Jun-2025 09:54:56.045 INFO [main] org.apache.catalina.startup.HostConfig.deployDescriptor Deploying deployment descriptor [F:\University Course Meterials\year3\sem 1\ServerSide programing\Lectures\mvc-spring\conf\Catalina\localhost\ROOT.xml]
10-Jun-2025 09:54:59.319 INFO [main] org.apache.jasper.servlet.TldScanner.scanJars At least one JAR was scanned for TLDs yet contained no TLDs. Enable debug logging for this logger for a complete list of JARs that were scanned but no TLDs were found in them. Skipping unneeded JARs during scanning can improve startup time and JSP compilation time.
10-Jun-2025 09:54:59.465 INFO [main] org.apache.catalina.startup.HostConfig.deployDescriptor Deployment of deployment descriptor [F:\University Course Meterials\year3\sem 1\ServerSide programing\Lectures\mvc-spring\conf\Catalina\localhost\ROOT.xml] has finished in [3,419] ms
10-Jun-2025 09:54:59.472 INFO [main] org.apache.coyote.AbstractProtocol.start Starting ProtocolHandler ["http-nio-8080"]
10-Jun-2025 09:54:59.532 INFO [main] org.apache.catalina.startup.Catalina.start Server startup in [3635] milliseconds
10-Jun-2025 09:55:29.915 INFO [http-nio-8080-exec-2] org.springframework.web.servlet.FrameworkServlet.initServletBean Initializing Servlet 'spring'
10-Jun-2025 09:55:31.906 INFO [http-nio-8080-exec-2] org.springframework.web.servlet.FrameworkServlet.initServletBean Completed initialization in 1990 ms
10-Jun-2025 09:55:31.931 WARNING [http-nio-8080-exec-2] org.springframework.web.servlet.DispatcherServlet.noHandlerFound No mapping for GET /add
10-Jun-2025 09:56:49.799 INFO [Thread-2] org.apache.coyote.AbstractProtocol.pause Pausing ProtocolHandler ["http-nio-8080"]
10-Jun-2025 09:56:49.815 INFO [Thread-2] org.apache.catalina.core.StandardService.stopInternal Stopping service [Catalina]
10-Jun-2025 09:56:49.846 INFO [Thread-2] org.apache.coyote.AbstractProtocol.stop Stopping ProtocolHandler ["http-nio-8080"]
10-Jun-2025 09:56:49.858 INFO [Thread-2] org.apache.coyote.AbstractProtocol.destroy Destroying ProtocolHandler ["http-nio-8080"]
10-Jun-2025 09:56:55.124 INFO [main] org.apache.catalina.startup.VersionLoggerListener.log Server version name:   Apache Tomcat/9.0.64
10-Jun-2025 09:56:55.132 INFO [main] org.apache.catalina.startup.VersionLoggerListener.log Server built:          Jun 2 2022 19:08:46 UTC
10-Jun-2025 09:56:55.132 INFO [main] org.apache.catalina.startup.VersionLoggerListener.log Server version number: 9.0.64.0
10-Jun-2025 09:56:55.132 INFO [main] org.apache.catalina.startup.VersionLoggerListener.log OS Name:               Windows 10
10-Jun-2025 09:56:55.132 INFO [main] org.apache.catalina.startup.VersionLoggerListener.log OS Version:            10.0
10-Jun-2025 09:56:55.132 INFO [main] org.apache.catalina.startup.VersionLoggerListener.log Architecture:          amd64
10-Jun-2025 09:56:55.133 INFO [main] org.apache.catalina.startup.VersionLoggerListener.log Java Home:             F:\Personal Items\softwares\jdk-21
10-Jun-2025 09:56:55.133 INFO [main] org.apache.catalina.startup.VersionLoggerListener.log JVM Version:           21+35-LTS-2513
10-Jun-2025 09:56:55.133 INFO [main] org.apache.catalina.startup.VersionLoggerListener.log JVM Vendor:            Oracle Corporation
10-Jun-2025 09:56:55.134 INFO [main] org.apache.catalina.startup.VersionLoggerListener.log CATALINA_BASE:         F:\University Course Meterials\year3\sem 1\ServerSide programing\Lectures\mvc-spring
10-Jun-2025 09:56:55.134 INFO [main] org.apache.catalina.startup.VersionLoggerListener.log CATALINA_HOME:         F:\tomcat\apache-tomcat-9.0.64
10-Jun-2025 09:56:55.159 INFO [main] org.apache.catalina.startup.VersionLoggerListener.log Command line argument: --add-opens=java.base/java.lang=ALL-UNNAMED
10-Jun-2025 09:56:55.160 INFO [main] org.apache.catalina.startup.VersionLoggerListener.log Command line argument: --add-opens=java.base/java.io=ALL-UNNAMED
10-Jun-2025 09:56:55.161 INFO [main] org.apache.catalina.startup.VersionLoggerListener.log Command line argument: --add-opens=java.base/java.util=ALL-UNNAMED
10-Jun-2025 09:56:55.161 INFO [main] org.apache.catalina.startup.VersionLoggerListener.log Command line argument: --add-opens=java.base/java.util.concurrent=ALL-UNNAMED
10-Jun-2025 09:56:55.161 INFO [main] org.apache.catalina.startup.VersionLoggerListener.log Command line argument: --add-opens=java.rmi/sun.rmi.transport=ALL-UNNAMED
10-Jun-2025 09:56:55.162 INFO [main] org.apache.catalina.startup.VersionLoggerListener.log Command line argument: -Dcatalina.home=F:\tomcat\apache-tomcat-9.0.64
10-Jun-2025 09:56:55.162 INFO [main] org.apache.catalina.startup.VersionLoggerListener.log Command line argument: -Dcatalina.base=F:\University Course Meterials\year3\sem 1\ServerSide programing\Lectures\mvc-spring
10-Jun-2025 09:56:55.163 INFO [main] org.apache.catalina.startup.VersionLoggerListener.log Command line argument: -Djava.io.tmpdir=F:\University Course Meterials\year3\sem 1\ServerSide programing\Lectures\mvc-spring\temp
10-Jun-2025 09:56:55.163 INFO [main] org.apache.catalina.startup.VersionLoggerListener.log Command line argument: -Djava.util.logging.config.file=F:\University Course Meterials\year3\sem 1\ServerSide programing\Lectures\mvc-spring\conf\logging.properties
10-Jun-2025 09:56:55.163 INFO [main] org.apache.catalina.startup.VersionLoggerListener.log Command line argument: -Djava.util.logging.manager=org.apache.juli.ClassLoaderLogManager
10-Jun-2025 09:56:55.164 INFO [main] org.apache.catalina.startup.VersionLoggerListener.log Command line argument: -javaagent:C:\Program Files\JetBrains\IntelliJ IDEA Community Edition 2023.1.2\lib\idea_rt.jar=54345:C:\Program Files\JetBrains\IntelliJ IDEA Community Edition 2023.1.2\bin
10-Jun-2025 09:56:55.164 INFO [main] org.apache.catalina.startup.VersionLoggerListener.log Command line argument: -Dfile.encoding=UTF-8
10-Jun-2025 09:56:55.164 INFO [main] org.apache.catalina.startup.VersionLoggerListener.log Command line argument: -Dsun.stdout.encoding=UTF-8
10-Jun-2025 09:56:55.164 INFO [main] org.apache.catalina.startup.VersionLoggerListener.log Command line argument: -Dsun.stderr.encoding=UTF-8
10-Jun-2025 09:56:55.171 INFO [main] org.apache.catalina.core.AprLifecycleListener.lifecycleEvent Loaded Apache Tomcat Native library [1.2.33] using APR version [1.7.0].
10-Jun-2025 09:56:55.172 INFO [main] org.apache.catalina.core.AprLifecycleListener.lifecycleEvent APR capabilities: IPv6 [true], sendfile [true], accept filters [false], random [true], UDS [true].
10-Jun-2025 09:56:55.172 INFO [main] org.apache.catalina.core.AprLifecycleListener.lifecycleEvent APR/OpenSSL configuration: useAprConnector [false], useOpenSSL [true]
10-Jun-2025 09:56:55.185 INFO [main] org.apache.catalina.core.AprLifecycleListener.initializeSSL OpenSSL successfully initialized [OpenSSL 1.1.1o  3 May 2022]
10-Jun-2025 09:56:56.333 INFO [main] org.apache.coyote.AbstractProtocol.init Initializing ProtocolHandler ["http-nio-8080"]
10-Jun-2025 09:56:56.403 INFO [main] org.apache.catalina.startup.Catalina.load Server initialization in [1706] milliseconds
10-Jun-2025 09:56:56.497 INFO [main] org.apache.catalina.core.StandardService.startInternal Starting service [Catalina]
10-Jun-2025 09:56:56.498 INFO [main] org.apache.catalina.core.StandardEngine.startInternal Starting Servlet engine: [Apache Tomcat/9.0.64]
10-Jun-2025 09:56:56.516 INFO [main] org.apache.catalina.startup.HostConfig.deployDescriptor Deploying deployment descriptor [F:\University Course Meterials\year3\sem 1\ServerSide programing\Lectures\mvc-spring\conf\Catalina\localhost\ROOT.xml]
10-Jun-2025 09:56:59.572 INFO [main] org.apache.jasper.servlet.TldScanner.scanJars At least one JAR was scanned for TLDs yet contained no TLDs. Enable debug logging for this logger for a complete list of JARs that were scanned but no TLDs were found in them. Skipping unneeded JARs during scanning can improve startup time and JSP compilation time.
10-Jun-2025 09:56:59.690 INFO [main] org.apache.catalina.startup.HostConfig.deployDescriptor Deployment of deployment descriptor [F:\University Course Meterials\year3\sem 1\ServerSide programing\Lectures\mvc-spring\conf\Catalina\localhost\ROOT.xml] has finished in [3,173] ms
10-Jun-2025 09:56:59.696 INFO [main] org.apache.coyote.AbstractProtocol.start Starting ProtocolHandler ["http-nio-8080"]
10-Jun-2025 09:56:59.745 INFO [main] org.apache.catalina.startup.Catalina.start Server startup in [3338] milliseconds
10-Jun-2025 09:57:10.924 INFO [http-nio-8080-exec-1] org.springframework.web.servlet.FrameworkServlet.initServletBean Initializing Servlet 'spring'
10-Jun-2025 09:57:12.845 INFO [http-nio-8080-exec-1] org.springframework.web.servlet.FrameworkServlet.initServletBean Completed initialization in 1921 ms
10-Jun-2025 09:57:12.867 WARNING [http-nio-8080-exec-1] org.springframework.web.servlet.DispatcherServlet.noHandlerFound No mapping for GET /add
10-Jun-2025 09:59:44.944 INFO [Thread-2] org.apache.coyote.AbstractProtocol.pause Pausing ProtocolHandler ["http-nio-8080"]
10-Jun-2025 09:59:44.962 INFO [Thread-2] org.apache.catalina.core.StandardService.stopInternal Stopping service [Catalina]
10-Jun-2025 09:59:44.988 INFO [Thread-2] org.apache.coyote.AbstractProtocol.stop Stopping ProtocolHandler ["http-nio-8080"]
10-Jun-2025 09:59:44.994 INFO [Thread-2] org.apache.coyote.AbstractProtocol.destroy Destroying ProtocolHandler ["http-nio-8080"]
10-Jun-2025 09:59:50.694 INFO [main] org.apache.catalina.startup.VersionLoggerListener.log Server version name:   Apache Tomcat/9.0.64
10-Jun-2025 09:59:50.704 INFO [main] org.apache.catalina.startup.VersionLoggerListener.log Server built:          Jun 2 2022 19:08:46 UTC
10-Jun-2025 09:59:50.704 INFO [main] org.apache.catalina.startup.VersionLoggerListener.log Server version number: 9.0.64.0
10-Jun-2025 09:59:50.704 INFO [main] org.apache.catalina.startup.VersionLoggerListener.log OS Name:               Windows 10
10-Jun-2025 09:59:50.704 INFO [main] org.apache.catalina.startup.VersionLoggerListener.log OS Version:            10.0
10-Jun-2025 09:59:50.704 INFO [main] org.apache.catalina.startup.VersionLoggerListener.log Architecture:          amd64
10-Jun-2025 09:59:50.705 INFO [main] org.apache.catalina.startup.VersionLoggerListener.log Java Home:             F:\Personal Items\softwares\jdk-21
10-Jun-2025 09:59:50.705 INFO [main] org.apache.catalina.startup.VersionLoggerListener.log JVM Version:           21+35-LTS-2513
10-Jun-2025 09:59:50.705 INFO [main] org.apache.catalina.startup.VersionLoggerListener.log JVM Vendor:            Oracle Corporation
10-Jun-2025 09:59:50.705 INFO [main] org.apache.catalina.startup.VersionLoggerListener.log CATALINA_BASE:         F:\University Course Meterials\year3\sem 1\ServerSide programing\Lectures\mvc-spring
10-Jun-2025 09:59:50.706 INFO [main] org.apache.catalina.startup.VersionLoggerListener.log CATALINA_HOME:         F:\tomcat\apache-tomcat-9.0.64
10-Jun-2025 09:59:50.719 INFO [main] org.apache.catalina.startup.VersionLoggerListener.log Command line argument: --add-opens=java.base/java.lang=ALL-UNNAMED
10-Jun-2025 09:59:50.720 INFO [main] org.apache.catalina.startup.VersionLoggerListener.log Command line argument: --add-opens=java.base/java.io=ALL-UNNAMED
10-Jun-2025 09:59:50.720 INFO [main] org.apache.catalina.startup.VersionLoggerListener.log Command line argument: --add-opens=java.base/java.util=ALL-UNNAMED
10-Jun-2025 09:59:50.720 INFO [main] org.apache.catalina.startup.VersionLoggerListener.log Command line argument: --add-opens=java.base/java.util.concurrent=ALL-UNNAMED
10-Jun-2025 09:59:50.720 INFO [main] org.apache.catalina.startup.VersionLoggerListener.log Command line argument: --add-opens=java.rmi/sun.rmi.transport=ALL-UNNAMED
10-Jun-2025 09:59:50.720 INFO [main] org.apache.catalina.startup.VersionLoggerListener.log Command line argument: -Dcatalina.home=F:\tomcat\apache-tomcat-9.0.64
10-Jun-2025 09:59:50.720 INFO [main] org.apache.catalina.startup.VersionLoggerListener.log Command line argument: -Dcatalina.base=F:\University Course Meterials\year3\sem 1\ServerSide programing\Lectures\mvc-spring
10-Jun-2025 09:59:50.722 INFO [main] org.apache.catalina.startup.VersionLoggerListener.log Command line argument: -Djava.io.tmpdir=F:\University Course Meterials\year3\sem 1\ServerSide programing\Lectures\mvc-spring\temp
10-Jun-2025 09:59:50.723 INFO [main] org.apache.catalina.startup.VersionLoggerListener.log Command line argument: -Djava.util.logging.config.file=F:\University Course Meterials\year3\sem 1\ServerSide programing\Lectures\mvc-spring\conf\logging.properties
10-Jun-2025 09:59:50.723 INFO [main] org.apache.catalina.startup.VersionLoggerListener.log Command line argument: -Djava.util.logging.manager=org.apache.juli.ClassLoaderLogManager
10-Jun-2025 09:59:50.723 INFO [main] org.apache.catalina.startup.VersionLoggerListener.log Command line argument: -javaagent:C:\Program Files\JetBrains\IntelliJ IDEA Community Edition 2023.1.2\lib\idea_rt.jar=54388:C:\Program Files\JetBrains\IntelliJ IDEA Community Edition 2023.1.2\bin
10-Jun-2025 09:59:50.724 INFO [main] org.apache.catalina.startup.VersionLoggerListener.log Command line argument: -Dfile.encoding=UTF-8
10-Jun-2025 09:59:50.725 INFO [main] org.apache.catalina.startup.VersionLoggerListener.log Command line argument: -Dsun.stdout.encoding=UTF-8
10-Jun-2025 09:59:50.725 INFO [main] org.apache.catalina.startup.VersionLoggerListener.log Command line argument: -Dsun.stderr.encoding=UTF-8
10-Jun-2025 09:59:50.733 INFO [main] org.apache.catalina.core.AprLifecycleListener.lifecycleEvent Loaded Apache Tomcat Native library [1.2.33] using APR version [1.7.0].
10-Jun-2025 09:59:50.733 INFO [main] org.apache.catalina.core.AprLifecycleListener.lifecycleEvent APR capabilities: IPv6 [true], sendfile [true], accept filters [false], random [true], UDS [true].
10-Jun-2025 09:59:50.733 INFO [main] org.apache.catalina.core.AprLifecycleListener.lifecycleEvent APR/OpenSSL configuration: useAprConnector [false], useOpenSSL [true]
10-Jun-2025 09:59:50.744 INFO [main] org.apache.catalina.core.AprLifecycleListener.initializeSSL OpenSSL successfully initialized [OpenSSL 1.1.1o  3 May 2022]
10-Jun-2025 09:59:51.420 INFO [main] org.apache.coyote.AbstractProtocol.init Initializing ProtocolHandler ["http-nio-8080"]
10-Jun-2025 09:59:51.454 INFO [main] org.apache.catalina.startup.Catalina.load Server initialization in [1152] milliseconds
10-Jun-2025 09:59:51.549 INFO [main] org.apache.catalina.core.StandardService.startInternal Starting service [Catalina]
10-Jun-2025 09:59:51.549 INFO [main] org.apache.catalina.core.StandardEngine.startInternal Starting Servlet engine: [Apache Tomcat/9.0.64]
10-Jun-2025 09:59:51.565 INFO [main] org.apache.catalina.startup.HostConfig.deployDescriptor Deploying deployment descriptor [F:\University Course Meterials\year3\sem 1\ServerSide programing\Lectures\mvc-spring\conf\Catalina\localhost\ROOT.xml]
10-Jun-2025 09:59:54.573 INFO [main] org.apache.jasper.servlet.TldScanner.scanJars At least one JAR was scanned for TLDs yet contained no TLDs. Enable debug logging for this logger for a complete list of JARs that were scanned but no TLDs were found in them. Skipping unneeded JARs during scanning can improve startup time and JSP compilation time.
10-Jun-2025 09:59:54.792 INFO [main] org.apache.catalina.startup.HostConfig.deployDescriptor Deployment of deployment descriptor [F:\University Course Meterials\year3\sem 1\ServerSide programing\Lectures\mvc-spring\conf\Catalina\localhost\ROOT.xml] has finished in [3,225] ms
10-Jun-2025 09:59:54.811 INFO [main] org.apache.coyote.AbstractProtocol.start Starting ProtocolHandler ["http-nio-8080"]
10-Jun-2025 09:59:54.876 INFO [main] org.apache.catalina.startup.Catalina.start Server startup in [3420] milliseconds
10-Jun-2025 10:00:13.550 INFO [http-nio-8080-exec-2] org.springframework.web.servlet.FrameworkServlet.initServletBean Initializing Servlet 'spring'
10-Jun-2025 10:00:15.489 INFO [http-nio-8080-exec-2] org.springframework.web.servlet.FrameworkServlet.initServletBean Completed initialization in 1938 ms
10-Jun-2025 10:00:15.517 WARNING [http-nio-8080-exec-2] org.springframework.web.servlet.DispatcherServlet.noHandlerFound No mapping for GET /add
10-Jun-2025 10:00:46.984 INFO [Thread-2] org.apache.coyote.AbstractProtocol.pause Pausing ProtocolHandler ["http-nio-8080"]
10-Jun-2025 10:00:47.001 INFO [Thread-2] org.apache.catalina.core.StandardService.stopInternal Stopping service [Catalina]
10-Jun-2025 10:00:47.038 INFO [Thread-2] org.apache.coyote.AbstractProtocol.stop Stopping ProtocolHandler ["http-nio-8080"]
10-Jun-2025 10:00:47.055 INFO [Thread-2] org.apache.coyote.AbstractProtocol.destroy Destroying ProtocolHandler ["http-nio-8080"]
10-Jun-2025 10:00:52.478 INFO [main] org.apache.catalina.startup.VersionLoggerListener.log Server version name:   Apache Tomcat/9.0.64
10-Jun-2025 10:00:52.485 INFO [main] org.apache.catalina.startup.VersionLoggerListener.log Server built:          Jun 2 2022 19:08:46 UTC
10-Jun-2025 10:00:52.486 INFO [main] org.apache.catalina.startup.VersionLoggerListener.log Server version number: 9.0.64.0
10-Jun-2025 10:00:52.486 INFO [main] org.apache.catalina.startup.VersionLoggerListener.log OS Name:               Windows 10
10-Jun-2025 10:00:52.486 INFO [main] org.apache.catalina.startup.VersionLoggerListener.log OS Version:            10.0
10-Jun-2025 10:00:52.486 INFO [main] org.apache.catalina.startup.VersionLoggerListener.log Architecture:          amd64
10-Jun-2025 10:00:52.486 INFO [main] org.apache.catalina.startup.VersionLoggerListener.log Java Home:             F:\Personal Items\softwares\jdk-21
10-Jun-2025 10:00:52.487 INFO [main] org.apache.catalina.startup.VersionLoggerListener.log JVM Version:           21+35-LTS-2513
10-Jun-2025 10:00:52.487 INFO [main] org.apache.catalina.startup.VersionLoggerListener.log JVM Vendor:            Oracle Corporation
10-Jun-2025 10:00:52.488 INFO [main] org.apache.catalina.startup.VersionLoggerListener.log CATALINA_BASE:         F:\University Course Meterials\year3\sem 1\ServerSide programing\Lectures\mvc-spring
10-Jun-2025 10:00:52.488 INFO [main] org.apache.catalina.startup.VersionLoggerListener.log CATALINA_HOME:         F:\tomcat\apache-tomcat-9.0.64
10-Jun-2025 10:00:52.501 INFO [main] org.apache.catalina.startup.VersionLoggerListener.log Command line argument: --add-opens=java.base/java.lang=ALL-UNNAMED
10-Jun-2025 10:00:52.501 INFO [main] org.apache.catalina.startup.VersionLoggerListener.log Command line argument: --add-opens=java.base/java.io=ALL-UNNAMED
10-Jun-2025 10:00:52.501 INFO [main] org.apache.catalina.startup.VersionLoggerListener.log Command line argument: --add-opens=java.base/java.util=ALL-UNNAMED
10-Jun-2025 10:00:52.501 INFO [main] org.apache.catalina.startup.VersionLoggerListener.log Command line argument: --add-opens=java.base/java.util.concurrent=ALL-UNNAMED
10-Jun-2025 10:00:52.502 INFO [main] org.apache.catalina.startup.VersionLoggerListener.log Command line argument: --add-opens=java.rmi/sun.rmi.transport=ALL-UNNAMED
10-Jun-2025 10:00:52.502 INFO [main] org.apache.catalina.startup.VersionLoggerListener.log Command line argument: -Dcatalina.home=F:\tomcat\apache-tomcat-9.0.64
10-Jun-2025 10:00:52.502 INFO [main] org.apache.catalina.startup.VersionLoggerListener.log Command line argument: -Dcatalina.base=F:\University Course Meterials\year3\sem 1\ServerSide programing\Lectures\mvc-spring
10-Jun-2025 10:00:52.502 INFO [main] org.apache.catalina.startup.VersionLoggerListener.log Command line argument: -Djava.io.tmpdir=F:\University Course Meterials\year3\sem 1\ServerSide programing\Lectures\mvc-spring\temp
10-Jun-2025 10:00:52.502 INFO [main] org.apache.catalina.startup.VersionLoggerListener.log Command line argument: -Djava.util.logging.config.file=F:\University Course Meterials\year3\sem 1\ServerSide programing\Lectures\mvc-spring\conf\logging.properties
10-Jun-2025 10:00:52.503 INFO [main] org.apache.catalina.startup.VersionLoggerListener.log Command line argument: -Djava.util.logging.manager=org.apache.juli.ClassLoaderLogManager
10-Jun-2025 10:00:52.503 INFO [main] org.apache.catalina.startup.VersionLoggerListener.log Command line argument: -javaagent:C:\Program Files\JetBrains\IntelliJ IDEA Community Edition 2023.1.2\lib\idea_rt.jar=54396:C:\Program Files\JetBrains\IntelliJ IDEA Community Edition 2023.1.2\bin
10-Jun-2025 10:00:52.503 INFO [main] org.apache.catalina.startup.VersionLoggerListener.log Command line argument: -Dfile.encoding=UTF-8
10-Jun-2025 10:00:52.503 INFO [main] org.apache.catalina.startup.VersionLoggerListener.log Command line argument: -Dsun.stdout.encoding=UTF-8
10-Jun-2025 10:00:52.503 INFO [main] org.apache.catalina.startup.VersionLoggerListener.log Command line argument: -Dsun.stderr.encoding=UTF-8
10-Jun-2025 10:00:52.509 INFO [main] org.apache.catalina.core.AprLifecycleListener.lifecycleEvent Loaded Apache Tomcat Native library [1.2.33] using APR version [1.7.0].
10-Jun-2025 10:00:52.509 INFO [main] org.apache.catalina.core.AprLifecycleListener.lifecycleEvent APR capabilities: IPv6 [true], sendfile [true], accept filters [false], random [true], UDS [true].
10-Jun-2025 10:00:52.509 INFO [main] org.apache.catalina.core.AprLifecycleListener.lifecycleEvent APR/OpenSSL configuration: useAprConnector [false], useOpenSSL [true]
10-Jun-2025 10:00:52.520 INFO [main] org.apache.catalina.core.AprLifecycleListener.initializeSSL OpenSSL successfully initialized [OpenSSL 1.1.1o  3 May 2022]
10-Jun-2025 10:00:53.523 INFO [main] org.apache.coyote.AbstractProtocol.init Initializing ProtocolHandler ["http-nio-8080"]
10-Jun-2025 10:00:53.555 INFO [main] org.apache.catalina.startup.Catalina.load Server initialization in [1502] milliseconds
10-Jun-2025 10:00:53.659 INFO [main] org.apache.catalina.core.StandardService.startInternal Starting service [Catalina]
10-Jun-2025 10:00:53.659 INFO [main] org.apache.catalina.core.StandardEngine.startInternal Starting Servlet engine: [Apache Tomcat/9.0.64]
10-Jun-2025 10:00:53.674 INFO [main] org.apache.catalina.startup.HostConfig.deployDescriptor Deploying deployment descriptor [F:\University Course Meterials\year3\sem 1\ServerSide programing\Lectures\mvc-spring\conf\Catalina\localhost\ROOT.xml]
10-Jun-2025 10:00:56.744 INFO [main] org.apache.jasper.servlet.TldScanner.scanJars At least one JAR was scanned for TLDs yet contained no TLDs. Enable debug logging for this logger for a complete list of JARs that were scanned but no TLDs were found in them. Skipping unneeded JARs during scanning can improve startup time and JSP compilation time.
10-Jun-2025 10:00:56.886 INFO [main] org.apache.catalina.startup.HostConfig.deployDescriptor Deployment of deployment descriptor [F:\University Course Meterials\year3\sem 1\ServerSide programing\Lectures\mvc-spring\conf\Catalina\localhost\ROOT.xml] has finished in [3,212] ms
10-Jun-2025 10:00:56.893 INFO [main] org.apache.coyote.AbstractProtocol.start Starting ProtocolHandler ["http-nio-8080"]
10-Jun-2025 10:00:56.946 INFO [main] org.apache.catalina.startup.Catalina.start Server startup in [3388] milliseconds
10-Jun-2025 10:01:07.540 INFO [http-nio-8080-exec-3] org.springframework.web.servlet.FrameworkServlet.initServletBean Initializing Servlet 'spring'
10-Jun-2025 10:01:08.226 SEVERE [http-nio-8080-exec-3] org.springframework.web.servlet.FrameworkServlet.initServletBean Context initialization failed
	org.springframework.beans.factory.BeanDefinitionStoreException: Failed to read candidate component class: file [F:\University Course Meterials\year3\sem 1\ServerSide programing\Lectures\mvc-spring\target\classes\org\umair\springMvc\AddController.class]; nested exception is org.springframework.core.NestedIOException: ASM ClassReader failed to parse class file - probably due to a new Java class file version that isn't supported yet: file [F:\University Course Meterials\year3\sem 1\ServerSide programing\Lectures\mvc-spring\target\classes\org\umair\springMvc\AddController.class]; nested exception is java.lang.IllegalArgumentException: Unsupported class file major version 65
		at org.springframework.context.annotation.ClassPathScanningCandidateComponentProvider.scanCandidateComponents(ClassPathScanningCandidateComponentProvider.java:454)
		at org.springframework.context.annotation.ClassPathScanningCandidateComponentProvider.findCandidateComponents(ClassPathScanningCandidateComponentProvider.java:316)
		at org.springframework.context.annotation.ClassPathBeanDefinitionScanner.doScan(ClassPathBeanDefinitionScanner.java:275)
		at org.springframework.context.annotation.ComponentScanBeanDefinitionParser.parse(ComponentScanBeanDefinitionParser.java:90)
		at org.springframework.beans.factory.xml.NamespaceHandlerSupport.parse(NamespaceHandlerSupport.java:74)
		at org.springframework.beans.factory.xml.BeanDefinitionParserDelegate.parseCustomElement(BeanDefinitionParserDelegate.java:1366)
		at org.springframework.beans.factory.xml.BeanDefinitionParserDelegate.parseCustomElement(BeanDefinitionParserDelegate.java:1352)
		at org.springframework.beans.factory.xml.DefaultBeanDefinitionDocumentReader.parseBeanDefinitions(DefaultBeanDefinitionDocumentReader.java:179)
		at org.springframework.beans.factory.xml.DefaultBeanDefinitionDocumentReader.doRegisterBeanDefinitions(DefaultBeanDefinitionDocumentReader.java:149)
		at org.springframework.beans.factory.xml.DefaultBeanDefinitionDocumentReader.registerBeanDefinitions(DefaultBeanDefinitionDocumentReader.java:96)
		at org.springframework.beans.factory.xml.XmlBeanDefinitionReader.registerBeanDefinitions(XmlBeanDefinitionReader.java:513)
		at org.springframework.beans.factory.xml.XmlBeanDefinitionReader.doLoadBeanDefinitions(XmlBeanDefinitionReader.java:393)
		at org.springframework.beans.factory.xml.XmlBeanDefinitionReader.loadBeanDefinitions(XmlBeanDefinitionReader.java:336)
		at org.springframework.beans.factory.xml.XmlBeanDefinitionReader.loadBeanDefinitions(XmlBeanDefinitionReader.java:304)
		at org.springframework.beans.factory.support.AbstractBeanDefinitionReader.loadBeanDefinitions(AbstractBeanDefinitionReader.java:188)
		at org.springframework.beans.factory.support.AbstractBeanDefinitionReader.loadBeanDefinitions(AbstractBeanDefinitionReader.java:224)
		at org.springframework.beans.factory.support.AbstractBeanDefinitionReader.loadBeanDefinitions(AbstractBeanDefinitionReader.java:195)
		at org.springframework.web.context.support.XmlWebApplicationContext.loadBeanDefinitions(XmlWebApplicationContext.java:125)
		at org.springframework.web.context.support.XmlWebApplicationContext.loadBeanDefinitions(XmlWebApplicationContext.java:94)
		at org.springframework.context.support.AbstractRefreshableApplicationContext.refreshBeanFactory(AbstractRefreshableApplicationContext.java:133)
		at org.springframework.context.support.AbstractApplicationContext.obtainFreshBeanFactory(AbstractApplicationContext.java:622)
		at org.springframework.context.support.AbstractApplicationContext.refresh(AbstractApplicationContext.java:518)
		at org.springframework.web.servlet.FrameworkServlet.configureAndRefreshWebApplicationContext(FrameworkServlet.java:696)
		at org.springframework.web.servlet.FrameworkServlet.createWebApplicationContext(FrameworkServlet.java:662)
		at org.springframework.web.servlet.FrameworkServlet.createWebApplicationContext(FrameworkServlet.java:710)
		at org.springframework.web.servlet.FrameworkServlet.initWebApplicationContext(FrameworkServlet.java:587)
		at org.springframework.web.servlet.FrameworkServlet.initServletBean(FrameworkServlet.java:526)
		at org.springframework.web.servlet.HttpServletBean.init(HttpServletBean.java:169)
		at javax.servlet.GenericServlet.init(GenericServlet.java:158)
		at org.apache.catalina.core.StandardWrapper.initServlet(StandardWrapper.java:1164)
		at org.apache.catalina.core.StandardWrapper.loadServlet(StandardWrapper.java:1117)
		at org.apache.catalina.core.StandardWrapper.allocate(StandardWrapper.java:788)
		at org.apache.catalina.core.StandardWrapperValve.invoke(StandardWrapperValve.java:128)
		at org.apache.catalina.core.StandardContextValve.invoke(StandardContextValve.java:97)
		at org.apache.catalina.authenticator.AuthenticatorBase.invoke(AuthenticatorBase.java:541)
		at org.apache.catalina.core.StandardHostValve.invoke(StandardHostValve.java:135)
		at org.apache.catalina.valves.ErrorReportValve.invoke(ErrorReportValve.java:92)
		at org.apache.catalina.valves.AbstractAccessLogValve.invoke(AbstractAccessLogValve.java:687)
		at org.apache.catalina.core.StandardEngineValve.invoke(StandardEngineValve.java:78)
		at org.apache.catalina.connector.CoyoteAdapter.service(CoyoteAdapter.java:360)
		at org.apache.coyote.http11.Http11Processor.service(Http11Processor.java:399)
		at org.apache.coyote.AbstractProcessorLight.process(AbstractProcessorLight.java:65)
		at org.apache.coyote.AbstractProtocol$ConnectionHandler.process(AbstractProtocol.java:890)
		at org.apache.tomcat.util.net.NioEndpoint$SocketProcessor.doRun(NioEndpoint.java:1787)
		at org.apache.tomcat.util.net.SocketProcessorBase.run(SocketProcessorBase.java:49)
		at org.apache.tomcat.util.threads.ThreadPoolExecutor.runWorker(ThreadPoolExecutor.java:1191)
		at org.apache.tomcat.util.threads.ThreadPoolExecutor$Worker.run(ThreadPoolExecutor.java:659)
		at org.apache.tomcat.util.threads.TaskThread$WrappingRunnable.run(TaskThread.java:61)
		at java.base/java.lang.Thread.run(Thread.java:1583)
	Caused by: org.springframework.core.NestedIOException: ASM ClassReader failed to parse class file - probably due to a new Java class file version that isn't supported yet: file [F:\University Course Meterials\year3\sem 1\ServerSide programing\Lectures\mvc-spring\target\classes\org\umair\springMvc\AddController.class]; nested exception is java.lang.IllegalArgumentException: Unsupported class file major version 65
		at org.springframework.core.type.classreading.SimpleMetadataReader.<init>(SimpleMetadataReader.java:57)
		at org.springframework.core.type.classreading.SimpleMetadataReaderFactory.getMetadataReader(SimpleMetadataReaderFactory.java:103)
		at org.springframework.core.type.classreading.CachingMetadataReaderFactory.getMetadataReader(CachingMetadataReaderFactory.java:123)
		at org.springframework.context.annotation.ClassPathScanningCandidateComponentProvider.scanCandidateComponents(ClassPathScanningCandidateComponentProvider.java:430)
		... 48 more
	Caused by: java.lang.IllegalArgumentException: Unsupported class file major version 65
		at org.springframework.asm.ClassReader.<init>(ClassReader.java:184)
		at org.springframework.asm.ClassReader.<init>(ClassReader.java:166)
		at org.springframework.asm.ClassReader.<init>(ClassReader.java:152)
		at org.springframework.asm.ClassReader.<init>(ClassReader.java:273)
		at org.springframework.core.type.classreading.SimpleMetadataReader.<init>(SimpleMetadataReader.java:54)
		... 51 more
10-Jun-2025 10:03:29.633 INFO [Thread-2] org.apache.coyote.AbstractProtocol.pause Pausing ProtocolHandler ["http-nio-8080"]
10-Jun-2025 10:03:29.643 INFO [Thread-2] org.apache.catalina.core.StandardService.stopInternal Stopping service [Catalina]
10-Jun-2025 10:03:29.664 INFO [Thread-2] org.apache.coyote.AbstractProtocol.stop Stopping ProtocolHandler ["http-nio-8080"]
10-Jun-2025 10:03:29.676 INFO [Thread-2] org.apache.coyote.AbstractProtocol.destroy Destroying ProtocolHandler ["http-nio-8080"]
10-Jun-2025 10:03:35.327 INFO [main] org.apache.catalina.startup.VersionLoggerListener.log Server version name:   Apache Tomcat/9.0.64
10-Jun-2025 10:03:35.335 INFO [main] org.apache.catalina.startup.VersionLoggerListener.log Server built:          Jun 2 2022 19:08:46 UTC
10-Jun-2025 10:03:35.335 INFO [main] org.apache.catalina.startup.VersionLoggerListener.log Server version number: 9.0.64.0
10-Jun-2025 10:03:35.336 INFO [main] org.apache.catalina.startup.VersionLoggerListener.log OS Name:               Windows 10
10-Jun-2025 10:03:35.336 INFO [main] org.apache.catalina.startup.VersionLoggerListener.log OS Version:            10.0
10-Jun-2025 10:03:35.336 INFO [main] org.apache.catalina.startup.VersionLoggerListener.log Architecture:          amd64
10-Jun-2025 10:03:35.336 INFO [main] org.apache.catalina.startup.VersionLoggerListener.log Java Home:             F:\Personal Items\softwares\jdk-21
10-Jun-2025 10:03:35.337 INFO [main] org.apache.catalina.startup.VersionLoggerListener.log JVM Version:           21+35-LTS-2513
10-Jun-2025 10:03:35.337 INFO [main] org.apache.catalina.startup.VersionLoggerListener.log JVM Vendor:            Oracle Corporation
10-Jun-2025 10:03:35.339 INFO [main] org.apache.catalina.startup.VersionLoggerListener.log CATALINA_BASE:         F:\University Course Meterials\year3\sem 1\ServerSide programing\Lectures\mvc-spring
10-Jun-2025 10:03:35.340 INFO [main] org.apache.catalina.startup.VersionLoggerListener.log CATALINA_HOME:         F:\tomcat\apache-tomcat-9.0.64
10-Jun-2025 10:03:35.359 INFO [main] org.apache.catalina.startup.VersionLoggerListener.log Command line argument: --add-opens=java.base/java.lang=ALL-UNNAMED
10-Jun-2025 10:03:35.359 INFO [main] org.apache.catalina.startup.VersionLoggerListener.log Command line argument: --add-opens=java.base/java.io=ALL-UNNAMED
10-Jun-2025 10:03:35.360 INFO [main] org.apache.catalina.startup.VersionLoggerListener.log Command line argument: --add-opens=java.base/java.util=ALL-UNNAMED
10-Jun-2025 10:03:35.360 INFO [main] org.apache.catalina.startup.VersionLoggerListener.log Command line argument: --add-opens=java.base/java.util.concurrent=ALL-UNNAMED
10-Jun-2025 10:03:35.360 INFO [main] org.apache.catalina.startup.VersionLoggerListener.log Command line argument: --add-opens=java.rmi/sun.rmi.transport=ALL-UNNAMED
10-Jun-2025 10:03:35.360 INFO [main] org.apache.catalina.startup.VersionLoggerListener.log Command line argument: -Dcatalina.home=F:\tomcat\apache-tomcat-9.0.64
10-Jun-2025 10:03:35.361 INFO [main] org.apache.catalina.startup.VersionLoggerListener.log Command line argument: -Dcatalina.base=F:\University Course Meterials\year3\sem 1\ServerSide programing\Lectures\mvc-spring
10-Jun-2025 10:03:35.361 INFO [main] org.apache.catalina.startup.VersionLoggerListener.log Command line argument: -Djava.io.tmpdir=F:\University Course Meterials\year3\sem 1\ServerSide programing\Lectures\mvc-spring\temp
10-Jun-2025 10:03:35.361 INFO [main] org.apache.catalina.startup.VersionLoggerListener.log Command line argument: -Djava.util.logging.config.file=F:\University Course Meterials\year3\sem 1\ServerSide programing\Lectures\mvc-spring\conf\logging.properties
10-Jun-2025 10:03:35.362 INFO [main] org.apache.catalina.startup.VersionLoggerListener.log Command line argument: -Djava.util.logging.manager=org.apache.juli.ClassLoaderLogManager
10-Jun-2025 10:03:35.362 INFO [main] org.apache.catalina.startup.VersionLoggerListener.log Command line argument: -javaagent:C:\Program Files\JetBrains\IntelliJ IDEA Community Edition 2023.1.2\lib\idea_rt.jar=54420:C:\Program Files\JetBrains\IntelliJ IDEA Community Edition 2023.1.2\bin
10-Jun-2025 10:03:35.363 INFO [main] org.apache.catalina.startup.VersionLoggerListener.log Command line argument: -Dfile.encoding=UTF-8
10-Jun-2025 10:03:35.364 INFO [main] org.apache.catalina.startup.VersionLoggerListener.log Command line argument: -Dsun.stdout.encoding=UTF-8
10-Jun-2025 10:03:35.364 INFO [main] org.apache.catalina.startup.VersionLoggerListener.log Command line argument: -Dsun.stderr.encoding=UTF-8
10-Jun-2025 10:03:35.370 INFO [main] org.apache.catalina.core.AprLifecycleListener.lifecycleEvent Loaded Apache Tomcat Native library [1.2.33] using APR version [1.7.0].
10-Jun-2025 10:03:35.370 INFO [main] org.apache.catalina.core.AprLifecycleListener.lifecycleEvent APR capabilities: IPv6 [true], sendfile [true], accept filters [false], random [true], UDS [true].
10-Jun-2025 10:03:35.370 INFO [main] org.apache.catalina.core.AprLifecycleListener.lifecycleEvent APR/OpenSSL configuration: useAprConnector [false], useOpenSSL [true]
10-Jun-2025 10:03:35.382 INFO [main] org.apache.catalina.core.AprLifecycleListener.initializeSSL OpenSSL successfully initialized [OpenSSL 1.1.1o  3 May 2022]
10-Jun-2025 10:03:36.268 INFO [main] org.apache.coyote.AbstractProtocol.init Initializing ProtocolHandler ["http-nio-8080"]
10-Jun-2025 10:03:36.300 INFO [main] org.apache.catalina.startup.Catalina.load Server initialization in [1403] milliseconds
10-Jun-2025 10:03:36.390 INFO [main] org.apache.catalina.core.StandardService.startInternal Starting service [Catalina]
10-Jun-2025 10:03:36.390 INFO [main] org.apache.catalina.core.StandardEngine.startInternal Starting Servlet engine: [Apache Tomcat/9.0.64]
10-Jun-2025 10:03:36.408 INFO [main] org.apache.catalina.startup.HostConfig.deployDescriptor Deploying deployment descriptor [F:\University Course Meterials\year3\sem 1\ServerSide programing\Lectures\mvc-spring\conf\Catalina\localhost\ROOT.xml]
10-Jun-2025 10:03:39.806 INFO [main] org.apache.jasper.servlet.TldScanner.scanJars At least one JAR was scanned for TLDs yet contained no TLDs. Enable debug logging for this logger for a complete list of JARs that were scanned but no TLDs were found in them. Skipping unneeded JARs during scanning can improve startup time and JSP compilation time.
10-Jun-2025 10:03:39.956 INFO [main] org.apache.catalina.startup.HostConfig.deployDescriptor Deployment of deployment descriptor [F:\University Course Meterials\year3\sem 1\ServerSide programing\Lectures\mvc-spring\conf\Catalina\localhost\ROOT.xml] has finished in [3,548] ms
10-Jun-2025 10:03:39.961 INFO [main] org.apache.coyote.AbstractProtocol.start Starting ProtocolHandler ["http-nio-8080"]
10-Jun-2025 10:03:40.028 INFO [main] org.apache.catalina.startup.Catalina.start Server startup in [3724] milliseconds
10-Jun-2025 10:04:01.804 INFO [http-nio-8080-exec-2] org.springframework.web.servlet.FrameworkServlet.initServletBean Initializing Servlet 'spring'
10-Jun-2025 10:04:02.491 SEVERE [http-nio-8080-exec-2] org.springframework.web.servlet.FrameworkServlet.initServletBean Context initialization failed
	org.springframework.beans.factory.BeanDefinitionStoreException: Failed to read candidate component class: file [F:\University Course Meterials\year3\sem 1\ServerSide programing\Lectures\mvc-spring\target\classes\org\umair\springMvc\AddController.class]; nested exception is org.springframework.core.NestedIOException: ASM ClassReader failed to parse class file - probably due to a new Java class file version that isn't supported yet: file [F:\University Course Meterials\year3\sem 1\ServerSide programing\Lectures\mvc-spring\target\classes\org\umair\springMvc\AddController.class]; nested exception is java.lang.IllegalArgumentException: Unsupported class file major version 65
		at org.springframework.context.annotation.ClassPathScanningCandidateComponentProvider.scanCandidateComponents(ClassPathScanningCandidateComponentProvider.java:454)
		at org.springframework.context.annotation.ClassPathScanningCandidateComponentProvider.findCandidateComponents(ClassPathScanningCandidateComponentProvider.java:316)
		at org.springframework.context.annotation.ClassPathBeanDefinitionScanner.doScan(ClassPathBeanDefinitionScanner.java:275)
		at org.springframework.context.annotation.ComponentScanBeanDefinitionParser.parse(ComponentScanBeanDefinitionParser.java:90)
		at org.springframework.beans.factory.xml.NamespaceHandlerSupport.parse(NamespaceHandlerSupport.java:74)
		at org.springframework.beans.factory.xml.BeanDefinitionParserDelegate.parseCustomElement(BeanDefinitionParserDelegate.java:1366)
		at org.springframework.beans.factory.xml.BeanDefinitionParserDelegate.parseCustomElement(BeanDefinitionParserDelegate.java:1352)
		at org.springframework.beans.factory.xml.DefaultBeanDefinitionDocumentReader.parseBeanDefinitions(DefaultBeanDefinitionDocumentReader.java:179)
		at org.springframework.beans.factory.xml.DefaultBeanDefinitionDocumentReader.doRegisterBeanDefinitions(DefaultBeanDefinitionDocumentReader.java:149)
		at org.springframework.beans.factory.xml.DefaultBeanDefinitionDocumentReader.registerBeanDefinitions(DefaultBeanDefinitionDocumentReader.java:96)
		at org.springframework.beans.factory.xml.XmlBeanDefinitionReader.registerBeanDefinitions(XmlBeanDefinitionReader.java:513)
		at org.springframework.beans.factory.xml.XmlBeanDefinitionReader.doLoadBeanDefinitions(XmlBeanDefinitionReader.java:393)
		at org.springframework.beans.factory.xml.XmlBeanDefinitionReader.loadBeanDefinitions(XmlBeanDefinitionReader.java:336)
		at org.springframework.beans.factory.xml.XmlBeanDefinitionReader.loadBeanDefinitions(XmlBeanDefinitionReader.java:304)
		at org.springframework.beans.factory.support.AbstractBeanDefinitionReader.loadBeanDefinitions(AbstractBeanDefinitionReader.java:188)
		at org.springframework.beans.factory.support.AbstractBeanDefinitionReader.loadBeanDefinitions(AbstractBeanDefinitionReader.java:224)
		at org.springframework.beans.factory.support.AbstractBeanDefinitionReader.loadBeanDefinitions(AbstractBeanDefinitionReader.java:195)
		at org.springframework.web.context.support.XmlWebApplicationContext.loadBeanDefinitions(XmlWebApplicationContext.java:125)
		at org.springframework.web.context.support.XmlWebApplicationContext.loadBeanDefinitions(XmlWebApplicationContext.java:94)
		at org.springframework.context.support.AbstractRefreshableApplicationContext.refreshBeanFactory(AbstractRefreshableApplicationContext.java:133)
		at org.springframework.context.support.AbstractApplicationContext.obtainFreshBeanFactory(AbstractApplicationContext.java:622)
		at org.springframework.context.support.AbstractApplicationContext.refresh(AbstractApplicationContext.java:518)
		at org.springframework.web.servlet.FrameworkServlet.configureAndRefreshWebApplicationContext(FrameworkServlet.java:696)
		at org.springframework.web.servlet.FrameworkServlet.createWebApplicationContext(FrameworkServlet.java:662)
		at org.springframework.web.servlet.FrameworkServlet.createWebApplicationContext(FrameworkServlet.java:710)
		at org.springframework.web.servlet.FrameworkServlet.initWebApplicationContext(FrameworkServlet.java:587)
		at org.springframework.web.servlet.FrameworkServlet.initServletBean(FrameworkServlet.java:526)
		at org.springframework.web.servlet.HttpServletBean.init(HttpServletBean.java:169)
		at javax.servlet.GenericServlet.init(GenericServlet.java:158)
		at org.apache.catalina.core.StandardWrapper.initServlet(StandardWrapper.java:1164)
		at org.apache.catalina.core.StandardWrapper.loadServlet(StandardWrapper.java:1117)
		at org.apache.catalina.core.StandardWrapper.allocate(StandardWrapper.java:788)
		at org.apache.catalina.core.StandardWrapperValve.invoke(StandardWrapperValve.java:128)
		at org.apache.catalina.core.StandardContextValve.invoke(StandardContextValve.java:97)
		at org.apache.catalina.authenticator.AuthenticatorBase.invoke(AuthenticatorBase.java:541)
		at org.apache.catalina.core.StandardHostValve.invoke(StandardHostValve.java:135)
		at org.apache.catalina.valves.ErrorReportValve.invoke(ErrorReportValve.java:92)
		at org.apache.catalina.valves.AbstractAccessLogValve.invoke(AbstractAccessLogValve.java:687)
		at org.apache.catalina.core.StandardEngineValve.invoke(StandardEngineValve.java:78)
		at org.apache.catalina.connector.CoyoteAdapter.service(CoyoteAdapter.java:360)
		at org.apache.coyote.http11.Http11Processor.service(Http11Processor.java:399)
		at org.apache.coyote.AbstractProcessorLight.process(AbstractProcessorLight.java:65)
		at org.apache.coyote.AbstractProtocol$ConnectionHandler.process(AbstractProtocol.java:890)
		at org.apache.tomcat.util.net.NioEndpoint$SocketProcessor.doRun(NioEndpoint.java:1787)
		at org.apache.tomcat.util.net.SocketProcessorBase.run(SocketProcessorBase.java:49)
		at org.apache.tomcat.util.threads.ThreadPoolExecutor.runWorker(ThreadPoolExecutor.java:1191)
		at org.apache.tomcat.util.threads.ThreadPoolExecutor$Worker.run(ThreadPoolExecutor.java:659)
		at org.apache.tomcat.util.threads.TaskThread$WrappingRunnable.run(TaskThread.java:61)
		at java.base/java.lang.Thread.run(Thread.java:1583)
	Caused by: org.springframework.core.NestedIOException: ASM ClassReader failed to parse class file - probably due to a new Java class file version that isn't supported yet: file [F:\University Course Meterials\year3\sem 1\ServerSide programing\Lectures\mvc-spring\target\classes\org\umair\springMvc\AddController.class]; nested exception is java.lang.IllegalArgumentException: Unsupported class file major version 65
		at org.springframework.core.type.classreading.SimpleMetadataReader.<init>(SimpleMetadataReader.java:57)
		at org.springframework.core.type.classreading.SimpleMetadataReaderFactory.getMetadataReader(SimpleMetadataReaderFactory.java:103)
		at org.springframework.core.type.classreading.CachingMetadataReaderFactory.getMetadataReader(CachingMetadataReaderFactory.java:123)
		at org.springframework.context.annotation.ClassPathScanningCandidateComponentProvider.scanCandidateComponents(ClassPathScanningCandidateComponentProvider.java:430)
		... 48 more
	Caused by: java.lang.IllegalArgumentException: Unsupported class file major version 65
		at org.springframework.asm.ClassReader.<init>(ClassReader.java:184)
		at org.springframework.asm.ClassReader.<init>(ClassReader.java:166)
		at org.springframework.asm.ClassReader.<init>(ClassReader.java:152)
		at org.springframework.asm.ClassReader.<init>(ClassReader.java:273)
		at org.springframework.core.type.classreading.SimpleMetadataReader.<init>(SimpleMetadataReader.java:54)
		... 51 more
10-Jun-2025 10:12:26.263 INFO [Thread-2] org.apache.coyote.AbstractProtocol.pause Pausing ProtocolHandler ["http-nio-8080"]
10-Jun-2025 10:12:26.278 INFO [Thread-2] org.apache.catalina.core.StandardService.stopInternal Stopping service [Catalina]
10-Jun-2025 10:12:26.304 INFO [Thread-2] org.apache.coyote.AbstractProtocol.stop Stopping ProtocolHandler ["http-nio-8080"]
10-Jun-2025 10:12:26.312 INFO [Thread-2] org.apache.coyote.AbstractProtocol.destroy Destroying ProtocolHandler ["http-nio-8080"]
10-Jun-2025 10:12:33.851 INFO [main] org.apache.catalina.startup.VersionLoggerListener.log Server version name:   Apache Tomcat/9.0.64
10-Jun-2025 10:12:33.859 INFO [main] org.apache.catalina.startup.VersionLoggerListener.log Server built:          Jun 2 2022 19:08:46 UTC
10-Jun-2025 10:12:33.859 INFO [main] org.apache.catalina.startup.VersionLoggerListener.log Server version number: 9.0.64.0
10-Jun-2025 10:12:33.859 INFO [main] org.apache.catalina.startup.VersionLoggerListener.log OS Name:               Windows 10
10-Jun-2025 10:12:33.859 INFO [main] org.apache.catalina.startup.VersionLoggerListener.log OS Version:            10.0
10-Jun-2025 10:12:33.859 INFO [main] org.apache.catalina.startup.VersionLoggerListener.log Architecture:          amd64
10-Jun-2025 10:12:33.859 INFO [main] org.apache.catalina.startup.VersionLoggerListener.log Java Home:             F:\Personal Items\softwares\jdk-21
10-Jun-2025 10:12:33.860 INFO [main] org.apache.catalina.startup.VersionLoggerListener.log JVM Version:           21+35-LTS-2513
10-Jun-2025 10:12:33.861 INFO [main] org.apache.catalina.startup.VersionLoggerListener.log JVM Vendor:            Oracle Corporation
10-Jun-2025 10:12:33.861 INFO [main] org.apache.catalina.startup.VersionLoggerListener.log CATALINA_BASE:         F:\University Course Meterials\year3\sem 1\ServerSide programing\Lectures\mvc-spring
10-Jun-2025 10:12:33.861 INFO [main] org.apache.catalina.startup.VersionLoggerListener.log CATALINA_HOME:         F:\tomcat\apache-tomcat-9.0.64
10-Jun-2025 10:12:33.882 INFO [main] org.apache.catalina.startup.VersionLoggerListener.log Command line argument: --add-opens=java.base/java.lang=ALL-UNNAMED
10-Jun-2025 10:12:33.882 INFO [main] org.apache.catalina.startup.VersionLoggerListener.log Command line argument: --add-opens=java.base/java.io=ALL-UNNAMED
10-Jun-2025 10:12:33.883 INFO [main] org.apache.catalina.startup.VersionLoggerListener.log Command line argument: --add-opens=java.base/java.util=ALL-UNNAMED
10-Jun-2025 10:12:33.883 INFO [main] org.apache.catalina.startup.VersionLoggerListener.log Command line argument: --add-opens=java.base/java.util.concurrent=ALL-UNNAMED
10-Jun-2025 10:12:33.883 INFO [main] org.apache.catalina.startup.VersionLoggerListener.log Command line argument: --add-opens=java.rmi/sun.rmi.transport=ALL-UNNAMED
10-Jun-2025 10:12:33.883 INFO [main] org.apache.catalina.startup.VersionLoggerListener.log Command line argument: -Dcatalina.home=F:\tomcat\apache-tomcat-9.0.64
10-Jun-2025 10:12:33.883 INFO [main] org.apache.catalina.startup.VersionLoggerListener.log Command line argument: -Dcatalina.base=F:\University Course Meterials\year3\sem 1\ServerSide programing\Lectures\mvc-spring
10-Jun-2025 10:12:33.884 INFO [main] org.apache.catalina.startup.VersionLoggerListener.log Command line argument: -Djava.io.tmpdir=F:\University Course Meterials\year3\sem 1\ServerSide programing\Lectures\mvc-spring\temp
10-Jun-2025 10:12:33.884 INFO [main] org.apache.catalina.startup.VersionLoggerListener.log Command line argument: -Djava.util.logging.config.file=F:\University Course Meterials\year3\sem 1\ServerSide programing\Lectures\mvc-spring\conf\logging.properties
10-Jun-2025 10:12:33.884 INFO [main] org.apache.catalina.startup.VersionLoggerListener.log Command line argument: -Djava.util.logging.manager=org.apache.juli.ClassLoaderLogManager
10-Jun-2025 10:12:33.884 INFO [main] org.apache.catalina.startup.VersionLoggerListener.log Command line argument: -javaagent:C:\Program Files\JetBrains\IntelliJ IDEA Community Edition 2023.1.2\lib\idea_rt.jar=54481:C:\Program Files\JetBrains\IntelliJ IDEA Community Edition 2023.1.2\bin
10-Jun-2025 10:12:33.885 INFO [main] org.apache.catalina.startup.VersionLoggerListener.log Command line argument: -Dfile.encoding=UTF-8
10-Jun-2025 10:12:33.885 INFO [main] org.apache.catalina.startup.VersionLoggerListener.log Command line argument: -Dsun.stdout.encoding=UTF-8
10-Jun-2025 10:12:33.885 INFO [main] org.apache.catalina.startup.VersionLoggerListener.log Command line argument: -Dsun.stderr.encoding=UTF-8
10-Jun-2025 10:12:33.892 INFO [main] org.apache.catalina.core.AprLifecycleListener.lifecycleEvent Loaded Apache Tomcat Native library [1.2.33] using APR version [1.7.0].
10-Jun-2025 10:12:33.892 INFO [main] org.apache.catalina.core.AprLifecycleListener.lifecycleEvent APR capabilities: IPv6 [true], sendfile [true], accept filters [false], random [true], UDS [true].
10-Jun-2025 10:12:33.892 INFO [main] org.apache.catalina.core.AprLifecycleListener.lifecycleEvent APR/OpenSSL configuration: useAprConnector [false], useOpenSSL [true]
10-Jun-2025 10:12:33.904 INFO [main] org.apache.catalina.core.AprLifecycleListener.initializeSSL OpenSSL successfully initialized [OpenSSL 1.1.1o  3 May 2022]
10-Jun-2025 10:12:34.928 INFO [main] org.apache.coyote.AbstractProtocol.init Initializing ProtocolHandler ["http-nio-8080"]
10-Jun-2025 10:12:34.988 INFO [main] org.apache.catalina.startup.Catalina.load Server initialization in [1568] milliseconds
10-Jun-2025 10:12:35.121 INFO [main] org.apache.catalina.core.StandardService.startInternal Starting service [Catalina]
10-Jun-2025 10:12:35.121 INFO [main] org.apache.catalina.core.StandardEngine.startInternal Starting Servlet engine: [Apache Tomcat/9.0.64]
10-Jun-2025 10:12:35.142 INFO [main] org.apache.catalina.startup.HostConfig.deployDescriptor Deploying deployment descriptor [F:\University Course Meterials\year3\sem 1\ServerSide programing\Lectures\mvc-spring\conf\Catalina\localhost\ROOT.xml]
10-Jun-2025 10:12:39.394 INFO [main] org.apache.jasper.servlet.TldScanner.scanJars At least one JAR was scanned for TLDs yet contained no TLDs. Enable debug logging for this logger for a complete list of JARs that were scanned but no TLDs were found in them. Skipping unneeded JARs during scanning can improve startup time and JSP compilation time.
10-Jun-2025 10:12:39.529 INFO [main] org.apache.catalina.startup.HostConfig.deployDescriptor Deployment of deployment descriptor [F:\University Course Meterials\year3\sem 1\ServerSide programing\Lectures\mvc-spring\conf\Catalina\localhost\ROOT.xml] has finished in [4,385] ms
10-Jun-2025 10:12:39.534 INFO [main] org.apache.coyote.AbstractProtocol.start Starting ProtocolHandler ["http-nio-8080"]
10-Jun-2025 10:12:39.599 INFO [main] org.apache.catalina.startup.Catalina.start Server startup in [4606] milliseconds
10-Jun-2025 10:12:51.027 INFO [http-nio-8080-exec-5] org.springframework.web.servlet.FrameworkServlet.initServletBean Initializing Servlet 'spring'
10-Jun-2025 10:12:53.518 INFO [http-nio-8080-exec-5] org.springframework.web.servlet.FrameworkServlet.initServletBean Completed initialization in 2490 ms
10-Jun-2025 10:14:20.916 INFO [Thread-2] org.apache.coyote.AbstractProtocol.pause Pausing ProtocolHandler ["http-nio-8080"]
10-Jun-2025 10:14:20.935 INFO [Thread-2] org.apache.catalina.core.StandardService.stopInternal Stopping service [Catalina]
10-Jun-2025 10:14:20.971 INFO [Thread-2] org.apache.coyote.AbstractProtocol.stop Stopping ProtocolHandler ["http-nio-8080"]
10-Jun-2025 10:14:20.982 INFO [Thread-2] org.apache.coyote.AbstractProtocol.destroy Destroying ProtocolHandler ["http-nio-8080"]
10-Jun-2025 10:14:27.595 INFO [main] org.apache.catalina.startup.VersionLoggerListener.log Server version name:   Apache Tomcat/9.0.64
10-Jun-2025 10:14:27.613 INFO [main] org.apache.catalina.startup.VersionLoggerListener.log Server built:          Jun 2 2022 19:08:46 UTC
10-Jun-2025 10:14:27.614 INFO [main] org.apache.catalina.startup.VersionLoggerListener.log Server version number: 9.0.64.0
10-Jun-2025 10:14:27.615 INFO [main] org.apache.catalina.startup.VersionLoggerListener.log OS Name:               Windows 10
10-Jun-2025 10:14:27.615 INFO [main] org.apache.catalina.startup.VersionLoggerListener.log OS Version:            10.0
10-Jun-2025 10:14:27.616 INFO [main] org.apache.catalina.startup.VersionLoggerListener.log Architecture:          amd64
10-Jun-2025 10:14:27.616 INFO [main] org.apache.catalina.startup.VersionLoggerListener.log Java Home:             F:\Personal Items\softwares\jdk-21
10-Jun-2025 10:14:27.617 INFO [main] org.apache.catalina.startup.VersionLoggerListener.log JVM Version:           21+35-LTS-2513
10-Jun-2025 10:14:27.618 INFO [main] org.apache.catalina.startup.VersionLoggerListener.log JVM Vendor:            Oracle Corporation
10-Jun-2025 10:14:27.618 INFO [main] org.apache.catalina.startup.VersionLoggerListener.log CATALINA_BASE:         F:\University Course Meterials\year3\sem 1\ServerSide programing\Lectures\mvc-spring
10-Jun-2025 10:14:27.618 INFO [main] org.apache.catalina.startup.VersionLoggerListener.log CATALINA_HOME:         F:\tomcat\apache-tomcat-9.0.64
10-Jun-2025 10:14:27.631 INFO [main] org.apache.catalina.startup.VersionLoggerListener.log Command line argument: --add-opens=java.base/java.lang=ALL-UNNAMED
10-Jun-2025 10:14:27.631 INFO [main] org.apache.catalina.startup.VersionLoggerListener.log Command line argument: --add-opens=java.base/java.io=ALL-UNNAMED
10-Jun-2025 10:14:27.631 INFO [main] org.apache.catalina.startup.VersionLoggerListener.log Command line argument: --add-opens=java.base/java.util=ALL-UNNAMED
10-Jun-2025 10:14:27.631 INFO [main] org.apache.catalina.startup.VersionLoggerListener.log Command line argument: --add-opens=java.base/java.util.concurrent=ALL-UNNAMED
10-Jun-2025 10:14:27.631 INFO [main] org.apache.catalina.startup.VersionLoggerListener.log Command line argument: --add-opens=java.rmi/sun.rmi.transport=ALL-UNNAMED
10-Jun-2025 10:14:27.632 INFO [main] org.apache.catalina.startup.VersionLoggerListener.log Command line argument: -Dcatalina.home=F:\tomcat\apache-tomcat-9.0.64
10-Jun-2025 10:14:27.632 INFO [main] org.apache.catalina.startup.VersionLoggerListener.log Command line argument: -Dcatalina.base=F:\University Course Meterials\year3\sem 1\ServerSide programing\Lectures\mvc-spring
10-Jun-2025 10:14:27.632 INFO [main] org.apache.catalina.startup.VersionLoggerListener.log Command line argument: -Djava.io.tmpdir=F:\University Course Meterials\year3\sem 1\ServerSide programing\Lectures\mvc-spring\temp
10-Jun-2025 10:14:27.632 INFO [main] org.apache.catalina.startup.VersionLoggerListener.log Command line argument: -Djava.util.logging.config.file=F:\University Course Meterials\year3\sem 1\ServerSide programing\Lectures\mvc-spring\conf\logging.properties
10-Jun-2025 10:14:27.632 INFO [main] org.apache.catalina.startup.VersionLoggerListener.log Command line argument: -Djava.util.logging.manager=org.apache.juli.ClassLoaderLogManager
10-Jun-2025 10:14:27.633 INFO [main] org.apache.catalina.startup.VersionLoggerListener.log Command line argument: -javaagent:C:\Program Files\JetBrains\IntelliJ IDEA Community Edition 2023.1.2\lib\idea_rt.jar=54496:C:\Program Files\JetBrains\IntelliJ IDEA Community Edition 2023.1.2\bin
10-Jun-2025 10:14:27.633 INFO [main] org.apache.catalina.startup.VersionLoggerListener.log Command line argument: -Dfile.encoding=UTF-8
10-Jun-2025 10:14:27.633 INFO [main] org.apache.catalina.startup.VersionLoggerListener.log Command line argument: -Dsun.stdout.encoding=UTF-8
10-Jun-2025 10:14:27.633 INFO [main] org.apache.catalina.startup.VersionLoggerListener.log Command line argument: -Dsun.stderr.encoding=UTF-8
10-Jun-2025 10:14:27.639 INFO [main] org.apache.catalina.core.AprLifecycleListener.lifecycleEvent Loaded Apache Tomcat Native library [1.2.33] using APR version [1.7.0].
10-Jun-2025 10:14:27.639 INFO [main] org.apache.catalina.core.AprLifecycleListener.lifecycleEvent APR capabilities: IPv6 [true], sendfile [true], accept filters [false], random [true], UDS [true].
10-Jun-2025 10:14:27.639 INFO [main] org.apache.catalina.core.AprLifecycleListener.lifecycleEvent APR/OpenSSL configuration: useAprConnector [false], useOpenSSL [true]
10-Jun-2025 10:14:27.650 INFO [main] org.apache.catalina.core.AprLifecycleListener.initializeSSL OpenSSL successfully initialized [OpenSSL 1.1.1o  3 May 2022]
10-Jun-2025 10:14:28.342 INFO [main] org.apache.coyote.AbstractProtocol.init Initializing ProtocolHandler ["http-nio-8080"]
10-Jun-2025 10:14:28.372 INFO [main] org.apache.catalina.startup.Catalina.load Server initialization in [1273] milliseconds
10-Jun-2025 10:14:28.473 INFO [main] org.apache.catalina.core.StandardService.startInternal Starting service [Catalina]
10-Jun-2025 10:14:28.474 INFO [main] org.apache.catalina.core.StandardEngine.startInternal Starting Servlet engine: [Apache Tomcat/9.0.64]
10-Jun-2025 10:14:28.488 INFO [main] org.apache.catalina.startup.HostConfig.deployDescriptor Deploying deployment descriptor [F:\University Course Meterials\year3\sem 1\ServerSide programing\Lectures\mvc-spring\conf\Catalina\localhost\ROOT.xml]
10-Jun-2025 10:14:31.559 INFO [main] org.apache.jasper.servlet.TldScanner.scanJars At least one JAR was scanned for TLDs yet contained no TLDs. Enable debug logging for this logger for a complete list of JARs that were scanned but no TLDs were found in them. Skipping unneeded JARs during scanning can improve startup time and JSP compilation time.
10-Jun-2025 10:14:31.689 INFO [main] org.springframework.web.servlet.FrameworkServlet.initServletBean Initializing Servlet 'spring'
10-Jun-2025 10:14:33.975 INFO [main] org.springframework.web.servlet.FrameworkServlet.initServletBean Completed initialization in 2286 ms
10-Jun-2025 10:14:33.991 INFO [main] org.apache.catalina.startup.HostConfig.deployDescriptor Deployment of deployment descriptor [F:\University Course Meterials\year3\sem 1\ServerSide programing\Lectures\mvc-spring\conf\Catalina\localhost\ROOT.xml] has finished in [5,502] ms
10-Jun-2025 10:14:33.995 INFO [main] org.apache.coyote.AbstractProtocol.start Starting ProtocolHandler ["http-nio-8080"]
10-Jun-2025 10:14:34.032 INFO [main] org.apache.catalina.startup.Catalina.start Server startup in [5657] milliseconds
10-Jun-2025 10:20:11.402 INFO [Thread-2] org.apache.coyote.AbstractProtocol.pause Pausing ProtocolHandler ["http-nio-8080"]
10-Jun-2025 10:20:11.414 INFO [Thread-2] org.apache.catalina.core.StandardService.stopInternal Stopping service [Catalina]
10-Jun-2025 10:20:11.452 INFO [Thread-2] org.apache.coyote.AbstractProtocol.stop Stopping ProtocolHandler ["http-nio-8080"]
10-Jun-2025 10:20:11.458 INFO [Thread-2] org.apache.coyote.AbstractProtocol.destroy Destroying ProtocolHandler ["http-nio-8080"]
10-Jun-2025 10:20:20.338 INFO [main] org.apache.catalina.startup.VersionLoggerListener.log Server version name:   Apache Tomcat/9.0.64
10-Jun-2025 10:20:20.347 INFO [main] org.apache.catalina.startup.VersionLoggerListener.log Server built:          Jun 2 2022 19:08:46 UTC
10-Jun-2025 10:20:20.354 INFO [main] org.apache.catalina.startup.VersionLoggerListener.log Server version number: 9.0.64.0
10-Jun-2025 10:20:20.355 INFO [main] org.apache.catalina.startup.VersionLoggerListener.log OS Name:               Windows 10
10-Jun-2025 10:20:20.355 INFO [main] org.apache.catalina.startup.VersionLoggerListener.log OS Version:            10.0
10-Jun-2025 10:20:20.356 INFO [main] org.apache.catalina.startup.VersionLoggerListener.log Architecture:          amd64
10-Jun-2025 10:20:20.356 INFO [main] org.apache.catalina.startup.VersionLoggerListener.log Java Home:             F:\Personal Items\softwares\jdk-21
10-Jun-2025 10:20:20.356 INFO [main] org.apache.catalina.startup.VersionLoggerListener.log JVM Version:           21+35-LTS-2513
10-Jun-2025 10:20:20.356 INFO [main] org.apache.catalina.startup.VersionLoggerListener.log JVM Vendor:            Oracle Corporation
10-Jun-2025 10:20:20.357 INFO [main] org.apache.catalina.startup.VersionLoggerListener.log CATALINA_BASE:         F:\University Course Meterials\year3\sem 1\ServerSide programing\Lectures\mvc-spring
10-Jun-2025 10:20:20.357 INFO [main] org.apache.catalina.startup.VersionLoggerListener.log CATALINA_HOME:         F:\tomcat\apache-tomcat-9.0.64
10-Jun-2025 10:20:20.375 INFO [main] org.apache.catalina.startup.VersionLoggerListener.log Command line argument: --add-opens=java.base/java.lang=ALL-UNNAMED
10-Jun-2025 10:20:20.376 INFO [main] org.apache.catalina.startup.VersionLoggerListener.log Command line argument: --add-opens=java.base/java.io=ALL-UNNAMED
10-Jun-2025 10:20:20.376 INFO [main] org.apache.catalina.startup.VersionLoggerListener.log Command line argument: --add-opens=java.base/java.util=ALL-UNNAMED
10-Jun-2025 10:20:20.376 INFO [main] org.apache.catalina.startup.VersionLoggerListener.log Command line argument: --add-opens=java.base/java.util.concurrent=ALL-UNNAMED
10-Jun-2025 10:20:20.376 INFO [main] org.apache.catalina.startup.VersionLoggerListener.log Command line argument: --add-opens=java.rmi/sun.rmi.transport=ALL-UNNAMED
10-Jun-2025 10:20:20.376 INFO [main] org.apache.catalina.startup.VersionLoggerListener.log Command line argument: -Dcatalina.home=F:\tomcat\apache-tomcat-9.0.64
10-Jun-2025 10:20:20.377 INFO [main] org.apache.catalina.startup.VersionLoggerListener.log Command line argument: -Dcatalina.base=F:\University Course Meterials\year3\sem 1\ServerSide programing\Lectures\mvc-spring
10-Jun-2025 10:20:20.377 INFO [main] org.apache.catalina.startup.VersionLoggerListener.log Command line argument: -Djava.io.tmpdir=F:\University Course Meterials\year3\sem 1\ServerSide programing\Lectures\mvc-spring\temp
10-Jun-2025 10:20:20.377 INFO [main] org.apache.catalina.startup.VersionLoggerListener.log Command line argument: -Djava.util.logging.config.file=F:\University Course Meterials\year3\sem 1\ServerSide programing\Lectures\mvc-spring\conf\logging.properties
10-Jun-2025 10:20:20.377 INFO [main] org.apache.catalina.startup.VersionLoggerListener.log Command line argument: -Djava.util.logging.manager=org.apache.juli.ClassLoaderLogManager
10-Jun-2025 10:20:20.377 INFO [main] org.apache.catalina.startup.VersionLoggerListener.log Command line argument: -javaagent:C:\Program Files\JetBrains\IntelliJ IDEA Community Edition 2023.1.2\lib\idea_rt.jar=54516:C:\Program Files\JetBrains\IntelliJ IDEA Community Edition 2023.1.2\bin
10-Jun-2025 10:20:20.378 INFO [main] org.apache.catalina.startup.VersionLoggerListener.log Command line argument: -Dfile.encoding=UTF-8
10-Jun-2025 10:20:20.378 INFO [main] org.apache.catalina.startup.VersionLoggerListener.log Command line argument: -Dsun.stdout.encoding=UTF-8
10-Jun-2025 10:20:20.378 INFO [main] org.apache.catalina.startup.VersionLoggerListener.log Command line argument: -Dsun.stderr.encoding=UTF-8
10-Jun-2025 10:20:20.389 INFO [main] org.apache.catalina.core.AprLifecycleListener.lifecycleEvent Loaded Apache Tomcat Native library [1.2.33] using APR version [1.7.0].
10-Jun-2025 10:20:20.389 INFO [main] org.apache.catalina.core.AprLifecycleListener.lifecycleEvent APR capabilities: IPv6 [true], sendfile [true], accept filters [false], random [true], UDS [true].
10-Jun-2025 10:20:20.390 INFO [main] org.apache.catalina.core.AprLifecycleListener.lifecycleEvent APR/OpenSSL configuration: useAprConnector [false], useOpenSSL [true]
10-Jun-2025 10:20:20.406 INFO [main] org.apache.catalina.core.AprLifecycleListener.initializeSSL OpenSSL successfully initialized [OpenSSL 1.1.1o  3 May 2022]
10-Jun-2025 10:20:21.614 INFO [main] org.apache.coyote.AbstractProtocol.init Initializing ProtocolHandler ["http-nio-8080"]
10-Jun-2025 10:20:21.658 INFO [main] org.apache.catalina.startup.Catalina.load Server initialization in [1999] milliseconds
10-Jun-2025 10:20:21.807 INFO [main] org.apache.catalina.core.StandardService.startInternal Starting service [Catalina]
10-Jun-2025 10:20:21.807 INFO [main] org.apache.catalina.core.StandardEngine.startInternal Starting Servlet engine: [Apache Tomcat/9.0.64]
10-Jun-2025 10:20:21.828 INFO [main] org.apache.catalina.startup.HostConfig.deployDescriptor Deploying deployment descriptor [F:\University Course Meterials\year3\sem 1\ServerSide programing\Lectures\mvc-spring\conf\Catalina\localhost\ROOT.xml]
10-Jun-2025 10:20:24.956 INFO [main] org.apache.jasper.servlet.TldScanner.scanJars At least one JAR was scanned for TLDs yet contained no TLDs. Enable debug logging for this logger for a complete list of JARs that were scanned but no TLDs were found in them. Skipping unneeded JARs during scanning can improve startup time and JSP compilation time.
10-Jun-2025 10:20:25.156 INFO [main] org.springframework.web.servlet.FrameworkServlet.initServletBean Initializing Servlet 'spring'
10-Jun-2025 10:20:27.468 INFO [main] org.springframework.web.servlet.FrameworkServlet.initServletBean Completed initialization in 2311 ms
10-Jun-2025 10:20:27.494 INFO [main] org.apache.catalina.startup.HostConfig.deployDescriptor Deployment of deployment descriptor [F:\University Course Meterials\year3\sem 1\ServerSide programing\Lectures\mvc-spring\conf\Catalina\localhost\ROOT.xml] has finished in [5,665] ms
10-Jun-2025 10:20:27.501 INFO [main] org.apache.coyote.AbstractProtocol.start Starting ProtocolHandler ["http-nio-8080"]
10-Jun-2025 10:20:27.545 INFO [main] org.apache.catalina.startup.Catalina.start Server startup in [5883] milliseconds
