06-Jun-2025 10:47:06.368 INFO [main] org.apache.catalina.startup.VersionLoggerListener.log Server version name:   Apache Tomcat/9.0.64
06-Jun-2025 10:47:06.384 INFO [main] org.apache.catalina.startup.VersionLoggerListener.log Server built:          Jun 2 2022 19:08:46 UTC
06-Jun-2025 10:47:06.385 INFO [main] org.apache.catalina.startup.VersionLoggerListener.log Server version number: 9.0.64.0
06-Jun-2025 10:47:06.385 INFO [main] org.apache.catalina.startup.VersionLoggerListener.log OS Name:               Windows 10
06-Jun-2025 10:47:06.385 INFO [main] org.apache.catalina.startup.VersionLoggerListener.log OS Version:            10.0
06-Jun-2025 10:47:06.385 INFO [main] org.apache.catalina.startup.VersionLoggerListener.log Architecture:          amd64
06-Jun-2025 10:47:06.386 INFO [main] org.apache.catalina.startup.VersionLoggerListener.log Java Home:             F:\Personal Items\softwares\jdk-21
06-Jun-2025 10:47:06.386 INFO [main] org.apache.catalina.startup.VersionLoggerListener.log JVM Version:           21+35-LTS-2513
06-Jun-2025 10:47:06.386 INFO [main] org.apache.catalina.startup.VersionLoggerListener.log JVM Vendor:            Oracle Corporation
06-Jun-2025 10:47:06.386 INFO [main] org.apache.catalina.startup.VersionLoggerListener.log CATALINA_BASE:         F:\University Course Meterials\year3\sem 1\ServerSide programing\Lectures\Jsp\src\main\webapp
06-Jun-2025 10:47:06.386 INFO [main] org.apache.catalina.startup.VersionLoggerListener.log CATALINA_HOME:         F:\tomcat\apache-tomcat-9.0.64
06-Jun-2025 10:47:06.439 INFO [main] org.apache.catalina.startup.VersionLoggerListener.log Command line argument: --add-opens=java.base/java.lang=ALL-UNNAMED
06-Jun-2025 10:47:06.439 INFO [main] org.apache.catalina.startup.VersionLoggerListener.log Command line argument: --add-opens=java.base/java.io=ALL-UNNAMED
06-Jun-2025 10:47:06.440 INFO [main] org.apache.catalina.startup.VersionLoggerListener.log Command line argument: --add-opens=java.base/java.util=ALL-UNNAMED
06-Jun-2025 10:47:06.440 INFO [main] org.apache.catalina.startup.VersionLoggerListener.log Command line argument: --add-opens=java.base/java.util.concurrent=ALL-UNNAMED
06-Jun-2025 10:47:06.440 INFO [main] org.apache.catalina.startup.VersionLoggerListener.log Command line argument: --add-opens=java.rmi/sun.rmi.transport=ALL-UNNAMED
06-Jun-2025 10:47:06.441 INFO [main] org.apache.catalina.startup.VersionLoggerListener.log Command line argument: -Dcatalina.home=F:\tomcat\apache-tomcat-9.0.64
06-Jun-2025 10:47:06.441 INFO [main] org.apache.catalina.startup.VersionLoggerListener.log Command line argument: -Dcatalina.base=F:\University Course Meterials\year3\sem 1\ServerSide programing\Lectures\Jsp\src\main\webapp
06-Jun-2025 10:47:06.441 INFO [main] org.apache.catalina.startup.VersionLoggerListener.log Command line argument: -Djava.io.tmpdir=F:\University Course Meterials\year3\sem 1\ServerSide programing\Lectures\Jsp\src\main\webapp\temp
06-Jun-2025 10:47:06.446 INFO [main] org.apache.catalina.startup.VersionLoggerListener.log Command line argument: -Djava.util.logging.config.file=F:\University Course Meterials\year3\sem 1\ServerSide programing\Lectures\Jsp\src\main\webapp\conf\logging.properties
06-Jun-2025 10:47:06.447 INFO [main] org.apache.catalina.startup.VersionLoggerListener.log Command line argument: -Djava.util.logging.manager=org.apache.juli.ClassLoaderLogManager
06-Jun-2025 10:47:06.447 INFO [main] org.apache.catalina.startup.VersionLoggerListener.log Command line argument: -javaagent:C:\Program Files\JetBrains\IntelliJ IDEA Community Edition 2023.1.2\lib\idea_rt.jar=57182:C:\Program Files\JetBrains\IntelliJ IDEA Community Edition 2023.1.2\bin
06-Jun-2025 10:47:06.448 INFO [main] org.apache.catalina.startup.VersionLoggerListener.log Command line argument: -Dfile.encoding=UTF-8
06-Jun-2025 10:47:06.448 INFO [main] org.apache.catalina.startup.VersionLoggerListener.log Command line argument: -Dsun.stdout.encoding=UTF-8
06-Jun-2025 10:47:06.448 INFO [main] org.apache.catalina.startup.VersionLoggerListener.log Command line argument: -Dsun.stderr.encoding=UTF-8
06-Jun-2025 10:47:07.608 INFO [main] org.apache.catalina.core.AprLifecycleListener.lifecycleEvent Loaded Apache Tomcat Native library [1.2.33] using APR version [1.7.0].
06-Jun-2025 10:47:07.610 INFO [main] org.apache.catalina.core.AprLifecycleListener.lifecycleEvent APR capabilities: IPv6 [true], sendfile [true], accept filters [false], random [true], UDS [true].
06-Jun-2025 10:47:07.611 INFO [main] org.apache.catalina.core.AprLifecycleListener.lifecycleEvent APR/OpenSSL configuration: useAprConnector [false], useOpenSSL [true]
06-Jun-2025 10:47:08.429 INFO [main] org.apache.catalina.core.AprLifecycleListener.initializeSSL OpenSSL successfully initialized [OpenSSL 1.1.1o  3 May 2022]
06-Jun-2025 10:47:10.081 INFO [main] org.apache.coyote.AbstractProtocol.init Initializing ProtocolHandler ["http-nio-8080"]
06-Jun-2025 10:47:10.181 INFO [main] org.apache.catalina.startup.Catalina.load Server initialization in [5141] milliseconds
06-Jun-2025 10:47:10.504 INFO [main] org.apache.catalina.core.StandardService.startInternal Starting service [Catalina]
06-Jun-2025 10:47:10.505 INFO [main] org.apache.catalina.core.StandardEngine.startInternal Starting Servlet engine: [Apache Tomcat/9.0.64]
06-Jun-2025 10:47:10.548 INFO [main] org.apache.catalina.startup.HostConfig.deployDescriptor Deploying deployment descriptor [F:\University Course Meterials\year3\sem 1\ServerSide programing\Lectures\Jsp\src\main\webapp\conf\Catalina\localhost\ROOT.xml]
06-Jun-2025 10:47:11.769 INFO [main] org.apache.catalina.startup.HostConfig.deployDescriptor Deployment of deployment descriptor [F:\University Course Meterials\year3\sem 1\ServerSide programing\Lectures\Jsp\src\main\webapp\conf\Catalina\localhost\ROOT.xml] has finished in [1,221] ms
06-Jun-2025 10:47:11.781 INFO [main] org.apache.coyote.AbstractProtocol.start Starting ProtocolHandler ["http-nio-8080"]
06-Jun-2025 10:47:11.866 INFO [main] org.apache.catalina.startup.Catalina.start Server startup in [1682] milliseconds
06-Jun-2025 10:49:13.086 INFO [Thread-2] org.apache.coyote.AbstractProtocol.pause Pausing ProtocolHandler ["http-nio-8080"]
06-Jun-2025 10:49:13.128 INFO [Thread-2] org.apache.catalina.core.StandardService.stopInternal Stopping service [Catalina]
06-Jun-2025 10:49:13.222 INFO [Thread-2] org.apache.coyote.AbstractProtocol.stop Stopping ProtocolHandler ["http-nio-8080"]
06-Jun-2025 10:49:13.240 INFO [Thread-2] org.apache.coyote.AbstractProtocol.destroy Destroying ProtocolHandler ["http-nio-8080"]
06-Jun-2025 10:49:20.311 INFO [main] org.apache.catalina.startup.VersionLoggerListener.log Server version name:   Apache Tomcat/9.0.64
06-Jun-2025 10:49:20.324 INFO [main] org.apache.catalina.startup.VersionLoggerListener.log Server built:          Jun 2 2022 19:08:46 UTC
06-Jun-2025 10:49:20.325 INFO [main] org.apache.catalina.startup.VersionLoggerListener.log Server version number: 9.0.64.0
06-Jun-2025 10:49:20.325 INFO [main] org.apache.catalina.startup.VersionLoggerListener.log OS Name:               Windows 10
06-Jun-2025 10:49:20.325 INFO [main] org.apache.catalina.startup.VersionLoggerListener.log OS Version:            10.0
06-Jun-2025 10:49:20.325 INFO [main] org.apache.catalina.startup.VersionLoggerListener.log Architecture:          amd64
06-Jun-2025 10:49:20.326 INFO [main] org.apache.catalina.startup.VersionLoggerListener.log Java Home:             F:\Personal Items\softwares\jdk-21
06-Jun-2025 10:49:20.326 INFO [main] org.apache.catalina.startup.VersionLoggerListener.log JVM Version:           21+35-LTS-2513
06-Jun-2025 10:49:20.326 INFO [main] org.apache.catalina.startup.VersionLoggerListener.log JVM Vendor:            Oracle Corporation
06-Jun-2025 10:49:20.327 INFO [main] org.apache.catalina.startup.VersionLoggerListener.log CATALINA_BASE:         F:\University Course Meterials\year3\sem 1\ServerSide programing\Lectures\Jsp\src\main\webapp
06-Jun-2025 10:49:20.327 INFO [main] org.apache.catalina.startup.VersionLoggerListener.log CATALINA_HOME:         F:\tomcat\apache-tomcat-9.0.64
06-Jun-2025 10:49:20.347 INFO [main] org.apache.catalina.startup.VersionLoggerListener.log Command line argument: --add-opens=java.base/java.lang=ALL-UNNAMED
06-Jun-2025 10:49:20.354 INFO [main] org.apache.catalina.startup.VersionLoggerListener.log Command line argument: --add-opens=java.base/java.io=ALL-UNNAMED
06-Jun-2025 10:49:20.354 INFO [main] org.apache.catalina.startup.VersionLoggerListener.log Command line argument: --add-opens=java.base/java.util=ALL-UNNAMED
06-Jun-2025 10:49:20.354 INFO [main] org.apache.catalina.startup.VersionLoggerListener.log Command line argument: --add-opens=java.base/java.util.concurrent=ALL-UNNAMED
06-Jun-2025 10:49:20.355 INFO [main] org.apache.catalina.startup.VersionLoggerListener.log Command line argument: --add-opens=java.rmi/sun.rmi.transport=ALL-UNNAMED
06-Jun-2025 10:49:20.356 INFO [main] org.apache.catalina.startup.VersionLoggerListener.log Command line argument: -Dcatalina.home=F:\tomcat\apache-tomcat-9.0.64
06-Jun-2025 10:49:20.356 INFO [main] org.apache.catalina.startup.VersionLoggerListener.log Command line argument: -Dcatalina.base=F:\University Course Meterials\year3\sem 1\ServerSide programing\Lectures\Jsp\src\main\webapp
06-Jun-2025 10:49:20.356 INFO [main] org.apache.catalina.startup.VersionLoggerListener.log Command line argument: -Djava.io.tmpdir=F:\University Course Meterials\year3\sem 1\ServerSide programing\Lectures\Jsp\src\main\webapp\temp
06-Jun-2025 10:49:20.356 INFO [main] org.apache.catalina.startup.VersionLoggerListener.log Command line argument: -Djava.util.logging.config.file=F:\University Course Meterials\year3\sem 1\ServerSide programing\Lectures\Jsp\src\main\webapp\conf\logging.properties
06-Jun-2025 10:49:20.357 INFO [main] org.apache.catalina.startup.VersionLoggerListener.log Command line argument: -Djava.util.logging.manager=org.apache.juli.ClassLoaderLogManager
06-Jun-2025 10:49:20.357 INFO [main] org.apache.catalina.startup.VersionLoggerListener.log Command line argument: -javaagent:C:\Program Files\JetBrains\IntelliJ IDEA Community Edition 2023.1.2\lib\idea_rt.jar=57195:C:\Program Files\JetBrains\IntelliJ IDEA Community Edition 2023.1.2\bin
06-Jun-2025 10:49:20.357 INFO [main] org.apache.catalina.startup.VersionLoggerListener.log Command line argument: -Dfile.encoding=UTF-8
06-Jun-2025 10:49:20.358 INFO [main] org.apache.catalina.startup.VersionLoggerListener.log Command line argument: -Dsun.stdout.encoding=UTF-8
06-Jun-2025 10:49:20.358 INFO [main] org.apache.catalina.startup.VersionLoggerListener.log Command line argument: -Dsun.stderr.encoding=UTF-8
06-Jun-2025 10:49:20.364 INFO [main] org.apache.catalina.core.AprLifecycleListener.lifecycleEvent Loaded Apache Tomcat Native library [1.2.33] using APR version [1.7.0].
06-Jun-2025 10:49:20.366 INFO [main] org.apache.catalina.core.AprLifecycleListener.lifecycleEvent APR capabilities: IPv6 [true], sendfile [true], accept filters [false], random [true], UDS [true].
06-Jun-2025 10:49:20.367 INFO [main] org.apache.catalina.core.AprLifecycleListener.lifecycleEvent APR/OpenSSL configuration: useAprConnector [false], useOpenSSL [true]
06-Jun-2025 10:49:20.381 INFO [main] org.apache.catalina.core.AprLifecycleListener.initializeSSL OpenSSL successfully initialized [OpenSSL 1.1.1o  3 May 2022]
06-Jun-2025 10:49:21.743 INFO [main] org.apache.coyote.AbstractProtocol.init Initializing ProtocolHandler ["http-nio-8080"]
06-Jun-2025 10:49:21.830 INFO [main] org.apache.catalina.startup.Catalina.load Server initialization in [2159] milliseconds
06-Jun-2025 10:49:22.004 INFO [main] org.apache.catalina.core.StandardService.startInternal Starting service [Catalina]
06-Jun-2025 10:49:22.005 INFO [main] org.apache.catalina.core.StandardEngine.startInternal Starting Servlet engine: [Apache Tomcat/9.0.64]
06-Jun-2025 10:49:22.026 INFO [main] org.apache.catalina.startup.HostConfig.deployDescriptor Deploying deployment descriptor [F:\University Course Meterials\year3\sem 1\ServerSide programing\Lectures\Jsp\src\main\webapp\conf\Catalina\localhost\ROOT.xml]
06-Jun-2025 10:49:23.189 INFO [main] org.apache.catalina.startup.HostConfig.deployDescriptor Deployment of deployment descriptor [F:\University Course Meterials\year3\sem 1\ServerSide programing\Lectures\Jsp\src\main\webapp\conf\Catalina\localhost\ROOT.xml] has finished in [1,162] ms
06-Jun-2025 10:49:23.196 INFO [main] org.apache.coyote.AbstractProtocol.start Starting ProtocolHandler ["http-nio-8080"]
06-Jun-2025 10:49:23.308 INFO [main] org.apache.catalina.startup.Catalina.start Server startup in [1465] milliseconds
06-Jun-2025 10:53:33.317 INFO [Thread-2] org.apache.coyote.AbstractProtocol.pause Pausing ProtocolHandler ["http-nio-8080"]
06-Jun-2025 10:53:33.328 INFO [Thread-2] org.apache.catalina.core.StandardService.stopInternal Stopping service [Catalina]
06-Jun-2025 10:53:33.342 INFO [Thread-2] org.apache.coyote.AbstractProtocol.stop Stopping ProtocolHandler ["http-nio-8080"]
06-Jun-2025 10:53:33.355 INFO [Thread-2] org.apache.coyote.AbstractProtocol.destroy Destroying ProtocolHandler ["http-nio-8080"]
06-Jun-2025 10:53:36.563 INFO [main] org.apache.catalina.startup.VersionLoggerListener.log Server version name:   Apache Tomcat/9.0.64
06-Jun-2025 10:53:36.570 INFO [main] org.apache.catalina.startup.VersionLoggerListener.log Server built:          Jun 2 2022 19:08:46 UTC
06-Jun-2025 10:53:36.570 INFO [main] org.apache.catalina.startup.VersionLoggerListener.log Server version number: 9.0.64.0
06-Jun-2025 10:53:36.571 INFO [main] org.apache.catalina.startup.VersionLoggerListener.log OS Name:               Windows 10
06-Jun-2025 10:53:36.572 INFO [main] org.apache.catalina.startup.VersionLoggerListener.log OS Version:            10.0
06-Jun-2025 10:53:36.572 INFO [main] org.apache.catalina.startup.VersionLoggerListener.log Architecture:          amd64
06-Jun-2025 10:53:36.572 INFO [main] org.apache.catalina.startup.VersionLoggerListener.log Java Home:             F:\Personal Items\softwares\jdk-21
06-Jun-2025 10:53:36.573 INFO [main] org.apache.catalina.startup.VersionLoggerListener.log JVM Version:           21+35-LTS-2513
06-Jun-2025 10:53:36.573 INFO [main] org.apache.catalina.startup.VersionLoggerListener.log JVM Vendor:            Oracle Corporation
06-Jun-2025 10:53:36.573 INFO [main] org.apache.catalina.startup.VersionLoggerListener.log CATALINA_BASE:         F:\University Course Meterials\year3\sem 1\ServerSide programing\Lectures\Jsp\src\main\webapp
06-Jun-2025 10:53:36.574 INFO [main] org.apache.catalina.startup.VersionLoggerListener.log CATALINA_HOME:         F:\tomcat\apache-tomcat-9.0.64
06-Jun-2025 10:53:36.588 INFO [main] org.apache.catalina.startup.VersionLoggerListener.log Command line argument: --add-opens=java.base/java.lang=ALL-UNNAMED
06-Jun-2025 10:53:36.588 INFO [main] org.apache.catalina.startup.VersionLoggerListener.log Command line argument: --add-opens=java.base/java.io=ALL-UNNAMED
06-Jun-2025 10:53:36.588 INFO [main] org.apache.catalina.startup.VersionLoggerListener.log Command line argument: --add-opens=java.base/java.util=ALL-UNNAMED
06-Jun-2025 10:53:36.589 INFO [main] org.apache.catalina.startup.VersionLoggerListener.log Command line argument: --add-opens=java.base/java.util.concurrent=ALL-UNNAMED
06-Jun-2025 10:53:36.589 INFO [main] org.apache.catalina.startup.VersionLoggerListener.log Command line argument: --add-opens=java.rmi/sun.rmi.transport=ALL-UNNAMED
06-Jun-2025 10:53:36.589 INFO [main] org.apache.catalina.startup.VersionLoggerListener.log Command line argument: -Dcatalina.home=F:\tomcat\apache-tomcat-9.0.64
06-Jun-2025 10:53:36.589 INFO [main] org.apache.catalina.startup.VersionLoggerListener.log Command line argument: -Dcatalina.base=F:\University Course Meterials\year3\sem 1\ServerSide programing\Lectures\Jsp\src\main\webapp
06-Jun-2025 10:53:36.589 INFO [main] org.apache.catalina.startup.VersionLoggerListener.log Command line argument: -Djava.io.tmpdir=F:\University Course Meterials\year3\sem 1\ServerSide programing\Lectures\Jsp\src\main\webapp\temp
06-Jun-2025 10:53:36.589 INFO [main] org.apache.catalina.startup.VersionLoggerListener.log Command line argument: -Djava.util.logging.config.file=F:\University Course Meterials\year3\sem 1\ServerSide programing\Lectures\Jsp\src\main\webapp\conf\logging.properties
06-Jun-2025 10:53:36.590 INFO [main] org.apache.catalina.startup.VersionLoggerListener.log Command line argument: -Djava.util.logging.manager=org.apache.juli.ClassLoaderLogManager
06-Jun-2025 10:53:36.590 INFO [main] org.apache.catalina.startup.VersionLoggerListener.log Command line argument: -javaagent:C:\Program Files\JetBrains\IntelliJ IDEA Community Edition 2023.1.2\lib\idea_rt.jar=57257:C:\Program Files\JetBrains\IntelliJ IDEA Community Edition 2023.1.2\bin
06-Jun-2025 10:53:36.590 INFO [main] org.apache.catalina.startup.VersionLoggerListener.log Command line argument: -Dfile.encoding=UTF-8
06-Jun-2025 10:53:36.590 INFO [main] org.apache.catalina.startup.VersionLoggerListener.log Command line argument: -Dsun.stdout.encoding=UTF-8
06-Jun-2025 10:53:36.590 INFO [main] org.apache.catalina.startup.VersionLoggerListener.log Command line argument: -Dsun.stderr.encoding=UTF-8
06-Jun-2025 10:53:36.600 INFO [main] org.apache.catalina.core.AprLifecycleListener.lifecycleEvent Loaded Apache Tomcat Native library [1.2.33] using APR version [1.7.0].
06-Jun-2025 10:53:36.600 INFO [main] org.apache.catalina.core.AprLifecycleListener.lifecycleEvent APR capabilities: IPv6 [true], sendfile [true], accept filters [false], random [true], UDS [true].
06-Jun-2025 10:53:36.601 INFO [main] org.apache.catalina.core.AprLifecycleListener.lifecycleEvent APR/OpenSSL configuration: useAprConnector [false], useOpenSSL [true]
06-Jun-2025 10:53:36.613 INFO [main] org.apache.catalina.core.AprLifecycleListener.initializeSSL OpenSSL successfully initialized [OpenSSL 1.1.1o  3 May 2022]
06-Jun-2025 10:53:37.301 INFO [main] org.apache.coyote.AbstractProtocol.init Initializing ProtocolHandler ["http-nio-8080"]
06-Jun-2025 10:53:37.353 INFO [main] org.apache.catalina.startup.Catalina.load Server initialization in [1322] milliseconds
06-Jun-2025 10:53:37.436 INFO [main] org.apache.catalina.core.StandardService.startInternal Starting service [Catalina]
06-Jun-2025 10:53:37.437 INFO [main] org.apache.catalina.core.StandardEngine.startInternal Starting Servlet engine: [Apache Tomcat/9.0.64]
06-Jun-2025 10:53:37.451 INFO [main] org.apache.catalina.startup.HostConfig.deployDescriptor Deploying deployment descriptor [F:\University Course Meterials\year3\sem 1\ServerSide programing\Lectures\Jsp\src\main\webapp\conf\Catalina\localhost\ROOT.xml]
06-Jun-2025 10:53:38.119 INFO [main] org.apache.catalina.startup.HostConfig.deployDescriptor Deployment of deployment descriptor [F:\University Course Meterials\year3\sem 1\ServerSide programing\Lectures\Jsp\src\main\webapp\conf\Catalina\localhost\ROOT.xml] has finished in [667] ms
06-Jun-2025 10:53:38.132 INFO [main] org.apache.coyote.AbstractProtocol.start Starting ProtocolHandler ["http-nio-8080"]
06-Jun-2025 10:53:38.287 INFO [main] org.apache.catalina.startup.Catalina.start Server startup in [932] milliseconds
06-Jun-2025 10:57:37.554 INFO [Thread-2] org.apache.coyote.AbstractProtocol.pause Pausing ProtocolHandler ["http-nio-8080"]
06-Jun-2025 10:57:37.565 INFO [Thread-2] org.apache.catalina.core.StandardService.stopInternal Stopping service [Catalina]
06-Jun-2025 10:57:37.580 INFO [Thread-2] org.apache.coyote.AbstractProtocol.stop Stopping ProtocolHandler ["http-nio-8080"]
06-Jun-2025 10:57:37.600 INFO [Thread-2] org.apache.coyote.AbstractProtocol.destroy Destroying ProtocolHandler ["http-nio-8080"]
06-Jun-2025 10:57:40.539 INFO [main] org.apache.catalina.startup.VersionLoggerListener.log Server version name:   Apache Tomcat/9.0.64
06-Jun-2025 10:57:40.547 INFO [main] org.apache.catalina.startup.VersionLoggerListener.log Server built:          Jun 2 2022 19:08:46 UTC
06-Jun-2025 10:57:40.547 INFO [main] org.apache.catalina.startup.VersionLoggerListener.log Server version number: 9.0.64.0
06-Jun-2025 10:57:40.547 INFO [main] org.apache.catalina.startup.VersionLoggerListener.log OS Name:               Windows 10
06-Jun-2025 10:57:40.547 INFO [main] org.apache.catalina.startup.VersionLoggerListener.log OS Version:            10.0
06-Jun-2025 10:57:40.548 INFO [main] org.apache.catalina.startup.VersionLoggerListener.log Architecture:          amd64
06-Jun-2025 10:57:40.548 INFO [main] org.apache.catalina.startup.VersionLoggerListener.log Java Home:             F:\Personal Items\softwares\jdk-21
06-Jun-2025 10:57:40.548 INFO [main] org.apache.catalina.startup.VersionLoggerListener.log JVM Version:           21+35-LTS-2513
06-Jun-2025 10:57:40.548 INFO [main] org.apache.catalina.startup.VersionLoggerListener.log JVM Vendor:            Oracle Corporation
06-Jun-2025 10:57:40.549 INFO [main] org.apache.catalina.startup.VersionLoggerListener.log CATALINA_BASE:         F:\University Course Meterials\year3\sem 1\ServerSide programing\Lectures\Jsp\src\main\webapp
06-Jun-2025 10:57:40.549 INFO [main] org.apache.catalina.startup.VersionLoggerListener.log CATALINA_HOME:         F:\tomcat\apache-tomcat-9.0.64
06-Jun-2025 10:57:40.566 INFO [main] org.apache.catalina.startup.VersionLoggerListener.log Command line argument: --add-opens=java.base/java.lang=ALL-UNNAMED
06-Jun-2025 10:57:40.567 INFO [main] org.apache.catalina.startup.VersionLoggerListener.log Command line argument: --add-opens=java.base/java.io=ALL-UNNAMED
06-Jun-2025 10:57:40.567 INFO [main] org.apache.catalina.startup.VersionLoggerListener.log Command line argument: --add-opens=java.base/java.util=ALL-UNNAMED
06-Jun-2025 10:57:40.567 INFO [main] org.apache.catalina.startup.VersionLoggerListener.log Command line argument: --add-opens=java.base/java.util.concurrent=ALL-UNNAMED
06-Jun-2025 10:57:40.567 INFO [main] org.apache.catalina.startup.VersionLoggerListener.log Command line argument: --add-opens=java.rmi/sun.rmi.transport=ALL-UNNAMED
06-Jun-2025 10:57:40.567 INFO [main] org.apache.catalina.startup.VersionLoggerListener.log Command line argument: -Dcatalina.home=F:\tomcat\apache-tomcat-9.0.64
06-Jun-2025 10:57:40.567 INFO [main] org.apache.catalina.startup.VersionLoggerListener.log Command line argument: -Dcatalina.base=F:\University Course Meterials\year3\sem 1\ServerSide programing\Lectures\Jsp\src\main\webapp
06-Jun-2025 10:57:40.568 INFO [main] org.apache.catalina.startup.VersionLoggerListener.log Command line argument: -Djava.io.tmpdir=F:\University Course Meterials\year3\sem 1\ServerSide programing\Lectures\Jsp\src\main\webapp\temp
06-Jun-2025 10:57:40.568 INFO [main] org.apache.catalina.startup.VersionLoggerListener.log Command line argument: -Djava.util.logging.config.file=F:\University Course Meterials\year3\sem 1\ServerSide programing\Lectures\Jsp\src\main\webapp\conf\logging.properties
06-Jun-2025 10:57:40.568 INFO [main] org.apache.catalina.startup.VersionLoggerListener.log Command line argument: -Djava.util.logging.manager=org.apache.juli.ClassLoaderLogManager
06-Jun-2025 10:57:40.568 INFO [main] org.apache.catalina.startup.VersionLoggerListener.log Command line argument: -javaagent:C:\Program Files\JetBrains\IntelliJ IDEA Community Edition 2023.1.2\lib\idea_rt.jar=57305:C:\Program Files\JetBrains\IntelliJ IDEA Community Edition 2023.1.2\bin
06-Jun-2025 10:57:40.568 INFO [main] org.apache.catalina.startup.VersionLoggerListener.log Command line argument: -Dfile.encoding=UTF-8
06-Jun-2025 10:57:40.568 INFO [main] org.apache.catalina.startup.VersionLoggerListener.log Command line argument: -Dsun.stdout.encoding=UTF-8
06-Jun-2025 10:57:40.569 INFO [main] org.apache.catalina.startup.VersionLoggerListener.log Command line argument: -Dsun.stderr.encoding=UTF-8
06-Jun-2025 10:57:40.575 INFO [main] org.apache.catalina.core.AprLifecycleListener.lifecycleEvent Loaded Apache Tomcat Native library [1.2.33] using APR version [1.7.0].
06-Jun-2025 10:57:40.575 INFO [main] org.apache.catalina.core.AprLifecycleListener.lifecycleEvent APR capabilities: IPv6 [true], sendfile [true], accept filters [false], random [true], UDS [true].
06-Jun-2025 10:57:40.575 INFO [main] org.apache.catalina.core.AprLifecycleListener.lifecycleEvent APR/OpenSSL configuration: useAprConnector [false], useOpenSSL [true]
06-Jun-2025 10:57:40.587 INFO [main] org.apache.catalina.core.AprLifecycleListener.initializeSSL OpenSSL successfully initialized [OpenSSL 1.1.1o  3 May 2022]
06-Jun-2025 10:57:41.397 INFO [main] org.apache.coyote.AbstractProtocol.init Initializing ProtocolHandler ["http-nio-8080"]
06-Jun-2025 10:57:41.435 INFO [main] org.apache.catalina.startup.Catalina.load Server initialization in [1498] milliseconds
06-Jun-2025 10:57:41.519 INFO [main] org.apache.catalina.core.StandardService.startInternal Starting service [Catalina]
06-Jun-2025 10:57:41.519 INFO [main] org.apache.catalina.core.StandardEngine.startInternal Starting Servlet engine: [Apache Tomcat/9.0.64]
06-Jun-2025 10:57:41.535 INFO [main] org.apache.catalina.startup.HostConfig.deployDescriptor Deploying deployment descriptor [F:\University Course Meterials\year3\sem 1\ServerSide programing\Lectures\Jsp\src\main\webapp\conf\Catalina\localhost\ROOT.xml]
06-Jun-2025 10:57:42.122 INFO [main] org.apache.catalina.startup.HostConfig.deployDescriptor Deployment of deployment descriptor [F:\University Course Meterials\year3\sem 1\ServerSide programing\Lectures\Jsp\src\main\webapp\conf\Catalina\localhost\ROOT.xml] has finished in [587] ms
06-Jun-2025 10:57:42.129 INFO [main] org.apache.coyote.AbstractProtocol.start Starting ProtocolHandler ["http-nio-8080"]
06-Jun-2025 10:57:42.186 INFO [main] org.apache.catalina.startup.Catalina.start Server startup in [748] milliseconds
06-Jun-2025 11:00:32.291 INFO [Thread-2] org.apache.coyote.AbstractProtocol.pause Pausing ProtocolHandler ["http-nio-8080"]
06-Jun-2025 11:00:32.301 INFO [Thread-2] org.apache.catalina.core.StandardService.stopInternal Stopping service [Catalina]
06-Jun-2025 11:00:32.314 INFO [Thread-2] org.apache.coyote.AbstractProtocol.stop Stopping ProtocolHandler ["http-nio-8080"]
06-Jun-2025 11:00:32.329 INFO [Thread-2] org.apache.coyote.AbstractProtocol.destroy Destroying ProtocolHandler ["http-nio-8080"]
06-Jun-2025 11:00:34.979 INFO [main] org.apache.catalina.startup.VersionLoggerListener.log Server version name:   Apache Tomcat/9.0.64
06-Jun-2025 11:00:34.986 INFO [main] org.apache.catalina.startup.VersionLoggerListener.log Server built:          Jun 2 2022 19:08:46 UTC
06-Jun-2025 11:00:34.986 INFO [main] org.apache.catalina.startup.VersionLoggerListener.log Server version number: 9.0.64.0
06-Jun-2025 11:00:34.986 INFO [main] org.apache.catalina.startup.VersionLoggerListener.log OS Name:               Windows 10
06-Jun-2025 11:00:34.987 INFO [main] org.apache.catalina.startup.VersionLoggerListener.log OS Version:            10.0
06-Jun-2025 11:00:34.987 INFO [main] org.apache.catalina.startup.VersionLoggerListener.log Architecture:          amd64
06-Jun-2025 11:00:34.987 INFO [main] org.apache.catalina.startup.VersionLoggerListener.log Java Home:             F:\Personal Items\softwares\jdk-21
06-Jun-2025 11:00:34.987 INFO [main] org.apache.catalina.startup.VersionLoggerListener.log JVM Version:           21+35-LTS-2513
06-Jun-2025 11:00:34.987 INFO [main] org.apache.catalina.startup.VersionLoggerListener.log JVM Vendor:            Oracle Corporation
06-Jun-2025 11:00:34.988 INFO [main] org.apache.catalina.startup.VersionLoggerListener.log CATALINA_BASE:         F:\University Course Meterials\year3\sem 1\ServerSide programing\Lectures\Jsp\src\main\webapp
06-Jun-2025 11:00:34.988 INFO [main] org.apache.catalina.startup.VersionLoggerListener.log CATALINA_HOME:         F:\tomcat\apache-tomcat-9.0.64
06-Jun-2025 11:00:35.005 INFO [main] org.apache.catalina.startup.VersionLoggerListener.log Command line argument: --add-opens=java.base/java.lang=ALL-UNNAMED
06-Jun-2025 11:00:35.006 INFO [main] org.apache.catalina.startup.VersionLoggerListener.log Command line argument: --add-opens=java.base/java.io=ALL-UNNAMED
06-Jun-2025 11:00:35.006 INFO [main] org.apache.catalina.startup.VersionLoggerListener.log Command line argument: --add-opens=java.base/java.util=ALL-UNNAMED
06-Jun-2025 11:00:35.006 INFO [main] org.apache.catalina.startup.VersionLoggerListener.log Command line argument: --add-opens=java.base/java.util.concurrent=ALL-UNNAMED
06-Jun-2025 11:00:35.006 INFO [main] org.apache.catalina.startup.VersionLoggerListener.log Command line argument: --add-opens=java.rmi/sun.rmi.transport=ALL-UNNAMED
06-Jun-2025 11:00:35.007 INFO [main] org.apache.catalina.startup.VersionLoggerListener.log Command line argument: -Dcatalina.home=F:\tomcat\apache-tomcat-9.0.64
06-Jun-2025 11:00:35.007 INFO [main] org.apache.catalina.startup.VersionLoggerListener.log Command line argument: -Dcatalina.base=F:\University Course Meterials\year3\sem 1\ServerSide programing\Lectures\Jsp\src\main\webapp
06-Jun-2025 11:00:35.007 INFO [main] org.apache.catalina.startup.VersionLoggerListener.log Command line argument: -Djava.io.tmpdir=F:\University Course Meterials\year3\sem 1\ServerSide programing\Lectures\Jsp\src\main\webapp\temp
06-Jun-2025 11:00:35.007 INFO [main] org.apache.catalina.startup.VersionLoggerListener.log Command line argument: -Djava.util.logging.config.file=F:\University Course Meterials\year3\sem 1\ServerSide programing\Lectures\Jsp\src\main\webapp\conf\logging.properties
06-Jun-2025 11:00:35.008 INFO [main] org.apache.catalina.startup.VersionLoggerListener.log Command line argument: -Djava.util.logging.manager=org.apache.juli.ClassLoaderLogManager
06-Jun-2025 11:00:35.008 INFO [main] org.apache.catalina.startup.VersionLoggerListener.log Command line argument: -javaagent:C:\Program Files\JetBrains\IntelliJ IDEA Community Edition 2023.1.2\lib\idea_rt.jar=57320:C:\Program Files\JetBrains\IntelliJ IDEA Community Edition 2023.1.2\bin
06-Jun-2025 11:00:35.008 INFO [main] org.apache.catalina.startup.VersionLoggerListener.log Command line argument: -Dfile.encoding=UTF-8
06-Jun-2025 11:00:35.008 INFO [main] org.apache.catalina.startup.VersionLoggerListener.log Command line argument: -Dsun.stdout.encoding=UTF-8
06-Jun-2025 11:00:35.009 INFO [main] org.apache.catalina.startup.VersionLoggerListener.log Command line argument: -Dsun.stderr.encoding=UTF-8
06-Jun-2025 11:00:35.015 INFO [main] org.apache.catalina.core.AprLifecycleListener.lifecycleEvent Loaded Apache Tomcat Native library [1.2.33] using APR version [1.7.0].
06-Jun-2025 11:00:35.015 INFO [main] org.apache.catalina.core.AprLifecycleListener.lifecycleEvent APR capabilities: IPv6 [true], sendfile [true], accept filters [false], random [true], UDS [true].
06-Jun-2025 11:00:35.015 INFO [main] org.apache.catalina.core.AprLifecycleListener.lifecycleEvent APR/OpenSSL configuration: useAprConnector [false], useOpenSSL [true]
06-Jun-2025 11:00:35.026 INFO [main] org.apache.catalina.core.AprLifecycleListener.initializeSSL OpenSSL successfully initialized [OpenSSL 1.1.1o  3 May 2022]
06-Jun-2025 11:00:35.773 INFO [main] org.apache.coyote.AbstractProtocol.init Initializing ProtocolHandler ["http-nio-8080"]
06-Jun-2025 11:00:35.824 INFO [main] org.apache.catalina.startup.Catalina.load Server initialization in [1236] milliseconds
06-Jun-2025 11:00:35.916 INFO [main] org.apache.catalina.core.StandardService.startInternal Starting service [Catalina]
06-Jun-2025 11:00:35.916 INFO [main] org.apache.catalina.core.StandardEngine.startInternal Starting Servlet engine: [Apache Tomcat/9.0.64]
06-Jun-2025 11:00:35.944 INFO [main] org.apache.catalina.startup.HostConfig.deployDescriptor Deploying deployment descriptor [F:\University Course Meterials\year3\sem 1\ServerSide programing\Lectures\Jsp\src\main\webapp\conf\Catalina\localhost\ROOT.xml]
06-Jun-2025 11:00:36.585 INFO [main] org.apache.catalina.startup.HostConfig.deployDescriptor Deployment of deployment descriptor [F:\University Course Meterials\year3\sem 1\ServerSide programing\Lectures\Jsp\src\main\webapp\conf\Catalina\localhost\ROOT.xml] has finished in [641] ms
06-Jun-2025 11:00:36.591 INFO [main] org.apache.coyote.AbstractProtocol.start Starting ProtocolHandler ["http-nio-8080"]
06-Jun-2025 11:00:36.652 INFO [main] org.apache.catalina.startup.Catalina.start Server startup in [825] milliseconds
06-Jun-2025 11:02:39.509 INFO [Thread-2] org.apache.coyote.AbstractProtocol.pause Pausing ProtocolHandler ["http-nio-8080"]
06-Jun-2025 11:02:39.520 INFO [Thread-2] org.apache.catalina.core.StandardService.stopInternal Stopping service [Catalina]
06-Jun-2025 11:02:39.534 INFO [Thread-2] org.apache.coyote.AbstractProtocol.stop Stopping ProtocolHandler ["http-nio-8080"]
06-Jun-2025 11:02:39.559 INFO [Thread-2] org.apache.coyote.AbstractProtocol.destroy Destroying ProtocolHandler ["http-nio-8080"]
