09-Jun-2025 22:43:32.720 INFO [main] org.apache.catalina.startup.VersionLoggerListener.log Server version name:   Apache Tomcat/9.0.64
09-Jun-2025 22:43:32.726 INFO [main] org.apache.catalina.startup.VersionLoggerListener.log Server built:          Jun 2 2022 19:08:46 UTC
09-Jun-2025 22:43:32.726 INFO [main] org.apache.catalina.startup.VersionLoggerListener.log Server version number: 9.0.64.0
09-Jun-2025 22:43:32.728 INFO [main] org.apache.catalina.startup.VersionLoggerListener.log OS Name:               Windows 10
09-Jun-2025 22:43:32.728 INFO [main] org.apache.catalina.startup.VersionLoggerListener.log OS Version:            10.0
09-Jun-2025 22:43:32.728 INFO [main] org.apache.catalina.startup.VersionLoggerListener.log Architecture:          amd64
09-Jun-2025 22:43:32.728 INFO [main] org.apache.catalina.startup.VersionLoggerListener.log Java Home:             F:\Personal Items\softwares\jdk-21
09-Jun-2025 22:43:32.730 INFO [main] org.apache.catalina.startup.VersionLoggerListener.log JVM Version:           21+35-LTS-2513
09-Jun-2025 22:43:32.730 INFO [main] org.apache.catalina.startup.VersionLoggerListener.log JVM Vendor:            Oracle Corporation
09-Jun-2025 22:43:32.734 INFO [main] org.apache.catalina.startup.VersionLoggerListener.log CATALINA_BASE:         F:\University Course Meterials\year3\sem 1\ServerSide programing\Lectures\serverlets
09-Jun-2025 22:43:32.734 INFO [main] org.apache.catalina.startup.VersionLoggerListener.log CATALINA_HOME:         F:\tomcat\apache-tomcat-9.0.64
09-Jun-2025 22:43:32.743 INFO [main] org.apache.catalina.startup.VersionLoggerListener.log Command line argument: --add-opens=java.base/java.lang=ALL-UNNAMED
09-Jun-2025 22:43:32.743 INFO [main] org.apache.catalina.startup.VersionLoggerListener.log Command line argument: --add-opens=java.base/java.io=ALL-UNNAMED
09-Jun-2025 22:43:32.744 INFO [main] org.apache.catalina.startup.VersionLoggerListener.log Command line argument: --add-opens=java.base/java.util=ALL-UNNAMED
09-Jun-2025 22:43:32.744 INFO [main] org.apache.catalina.startup.VersionLoggerListener.log Command line argument: --add-opens=java.base/java.util.concurrent=ALL-UNNAMED
09-Jun-2025 22:43:32.744 INFO [main] org.apache.catalina.startup.VersionLoggerListener.log Command line argument: --add-opens=java.rmi/sun.rmi.transport=ALL-UNNAMED
09-Jun-2025 22:43:32.744 INFO [main] org.apache.catalina.startup.VersionLoggerListener.log Command line argument: -Dcatalina.home=F:\tomcat\apache-tomcat-9.0.64
09-Jun-2025 22:43:32.744 INFO [main] org.apache.catalina.startup.VersionLoggerListener.log Command line argument: -Dcatalina.base=F:\University Course Meterials\year3\sem 1\ServerSide programing\Lectures\serverlets
09-Jun-2025 22:43:32.745 INFO [main] org.apache.catalina.startup.VersionLoggerListener.log Command line argument: -Djava.io.tmpdir=F:\University Course Meterials\year3\sem 1\ServerSide programing\Lectures\serverlets\temp
09-Jun-2025 22:43:32.745 INFO [main] org.apache.catalina.startup.VersionLoggerListener.log Command line argument: -Djava.util.logging.config.file=F:\University Course Meterials\year3\sem 1\ServerSide programing\Lectures\serverlets\conf\logging.properties
09-Jun-2025 22:43:32.745 INFO [main] org.apache.catalina.startup.VersionLoggerListener.log Command line argument: -Djava.util.logging.manager=org.apache.juli.ClassLoaderLogManager
09-Jun-2025 22:43:32.745 INFO [main] org.apache.catalina.startup.VersionLoggerListener.log Command line argument: -javaagent:C:\Program Files\JetBrains\IntelliJ IDEA Community Edition 2023.1.2\lib\idea_rt.jar=49984:C:\Program Files\JetBrains\IntelliJ IDEA Community Edition 2023.1.2\bin
09-Jun-2025 22:43:32.745 INFO [main] org.apache.catalina.startup.VersionLoggerListener.log Command line argument: -Dfile.encoding=UTF-8
09-Jun-2025 22:43:32.746 INFO [main] org.apache.catalina.startup.VersionLoggerListener.log Command line argument: -Dsun.stdout.encoding=UTF-8
09-Jun-2025 22:43:32.746 INFO [main] org.apache.catalina.startup.VersionLoggerListener.log Command line argument: -Dsun.stderr.encoding=UTF-8
09-Jun-2025 22:43:33.164 INFO [main] org.apache.catalina.core.AprLifecycleListener.lifecycleEvent Loaded Apache Tomcat Native library [1.2.33] using APR version [1.7.0].
09-Jun-2025 22:43:33.164 INFO [main] org.apache.catalina.core.AprLifecycleListener.lifecycleEvent APR capabilities: IPv6 [true], sendfile [true], accept filters [false], random [true], UDS [true].
09-Jun-2025 22:43:33.164 INFO [main] org.apache.catalina.core.AprLifecycleListener.lifecycleEvent APR/OpenSSL configuration: useAprConnector [false], useOpenSSL [true]
09-Jun-2025 22:43:33.564 INFO [main] org.apache.catalina.core.AprLifecycleListener.initializeSSL OpenSSL successfully initialized [OpenSSL 1.1.1o  3 May 2022]
09-Jun-2025 22:43:36.442 INFO [main] org.apache.coyote.AbstractProtocol.init Initializing ProtocolHandler ["http-nio-8080"]
09-Jun-2025 22:43:36.624 INFO [main] org.apache.catalina.startup.Catalina.load Server initialization in [5445] milliseconds
09-Jun-2025 22:43:36.865 INFO [main] org.apache.catalina.core.StandardService.startInternal Starting service [Catalina]
09-Jun-2025 22:43:36.865 INFO [main] org.apache.catalina.core.StandardEngine.startInternal Starting Servlet engine: [Apache Tomcat/9.0.64]
09-Jun-2025 22:43:37.053 INFO [main] org.apache.catalina.startup.HostConfig.deployDescriptor Deploying deployment descriptor [F:\University Course Meterials\year3\sem 1\ServerSide programing\Lectures\serverlets\conf\Catalina\localhost\ROOT.xml]
09-Jun-2025 22:43:54.155 INFO [main] org.apache.catalina.startup.HostConfig.deployDescriptor Deployment of deployment descriptor [F:\University Course Meterials\year3\sem 1\ServerSide programing\Lectures\serverlets\conf\Catalina\localhost\ROOT.xml] has finished in [17,102] ms
09-Jun-2025 22:43:54.162 INFO [main] org.apache.coyote.AbstractProtocol.start Starting ProtocolHandler ["http-nio-8080"]
09-Jun-2025 22:43:54.266 INFO [main] org.apache.catalina.startup.Catalina.start Server startup in [17640] milliseconds
09-Jun-2025 23:39:09.426 INFO [Thread-2] org.apache.coyote.AbstractProtocol.pause Pausing ProtocolHandler ["http-nio-8080"]
09-Jun-2025 23:39:09.443 INFO [Thread-2] org.apache.catalina.core.StandardService.stopInternal Stopping service [Catalina]
09-Jun-2025 23:39:09.506 INFO [Thread-2] org.apache.coyote.AbstractProtocol.stop Stopping ProtocolHandler ["http-nio-8080"]
09-Jun-2025 23:39:09.521 INFO [Thread-2] org.apache.coyote.AbstractProtocol.destroy Destroying ProtocolHandler ["http-nio-8080"]
09-Jun-2025 23:39:26.019 INFO [main] org.apache.catalina.startup.VersionLoggerListener.log Server version name:   Apache Tomcat/9.0.64
09-Jun-2025 23:39:26.024 INFO [main] org.apache.catalina.startup.VersionLoggerListener.log Server built:          Jun 2 2022 19:08:46 UTC
09-Jun-2025 23:39:26.024 INFO [main] org.apache.catalina.startup.VersionLoggerListener.log Server version number: 9.0.64.0
09-Jun-2025 23:39:26.024 INFO [main] org.apache.catalina.startup.VersionLoggerListener.log OS Name:               Windows 10
09-Jun-2025 23:39:26.024 INFO [main] org.apache.catalina.startup.VersionLoggerListener.log OS Version:            10.0
09-Jun-2025 23:39:26.025 INFO [main] org.apache.catalina.startup.VersionLoggerListener.log Architecture:          amd64
09-Jun-2025 23:39:26.025 INFO [main] org.apache.catalina.startup.VersionLoggerListener.log Java Home:             F:\Personal Items\softwares\jdk-21
09-Jun-2025 23:39:26.025 INFO [main] org.apache.catalina.startup.VersionLoggerListener.log JVM Version:           21+35-LTS-2513
09-Jun-2025 23:39:26.025 INFO [main] org.apache.catalina.startup.VersionLoggerListener.log JVM Vendor:            Oracle Corporation
09-Jun-2025 23:39:26.025 INFO [main] org.apache.catalina.startup.VersionLoggerListener.log CATALINA_BASE:         F:\University Course Meterials\year3\sem 1\ServerSide programing\Lectures\serverlets
09-Jun-2025 23:39:26.026 INFO [main] org.apache.catalina.startup.VersionLoggerListener.log CATALINA_HOME:         F:\tomcat\apache-tomcat-9.0.64
09-Jun-2025 23:39:26.036 INFO [main] org.apache.catalina.startup.VersionLoggerListener.log Command line argument: --add-opens=java.base/java.lang=ALL-UNNAMED
09-Jun-2025 23:39:26.036 INFO [main] org.apache.catalina.startup.VersionLoggerListener.log Command line argument: --add-opens=java.base/java.io=ALL-UNNAMED
09-Jun-2025 23:39:26.036 INFO [main] org.apache.catalina.startup.VersionLoggerListener.log Command line argument: --add-opens=java.base/java.util=ALL-UNNAMED
09-Jun-2025 23:39:26.037 INFO [main] org.apache.catalina.startup.VersionLoggerListener.log Command line argument: --add-opens=java.base/java.util.concurrent=ALL-UNNAMED
09-Jun-2025 23:39:26.037 INFO [main] org.apache.catalina.startup.VersionLoggerListener.log Command line argument: --add-opens=java.rmi/sun.rmi.transport=ALL-UNNAMED
09-Jun-2025 23:39:26.037 INFO [main] org.apache.catalina.startup.VersionLoggerListener.log Command line argument: -Dcatalina.home=F:\tomcat\apache-tomcat-9.0.64
09-Jun-2025 23:39:26.037 INFO [main] org.apache.catalina.startup.VersionLoggerListener.log Command line argument: -Dcatalina.base=F:\University Course Meterials\year3\sem 1\ServerSide programing\Lectures\serverlets
09-Jun-2025 23:39:26.038 INFO [main] org.apache.catalina.startup.VersionLoggerListener.log Command line argument: -Djava.io.tmpdir=F:\University Course Meterials\year3\sem 1\ServerSide programing\Lectures\serverlets\temp
09-Jun-2025 23:39:26.038 INFO [main] org.apache.catalina.startup.VersionLoggerListener.log Command line argument: -Djava.util.logging.config.file=F:\University Course Meterials\year3\sem 1\ServerSide programing\Lectures\serverlets\conf\logging.properties
09-Jun-2025 23:39:26.038 INFO [main] org.apache.catalina.startup.VersionLoggerListener.log Command line argument: -Djava.util.logging.manager=org.apache.juli.ClassLoaderLogManager
09-Jun-2025 23:39:26.038 INFO [main] org.apache.catalina.startup.VersionLoggerListener.log Command line argument: -javaagent:C:\Program Files\JetBrains\IntelliJ IDEA Community Edition 2023.1.2\lib\idea_rt.jar=50385:C:\Program Files\JetBrains\IntelliJ IDEA Community Edition 2023.1.2\bin
09-Jun-2025 23:39:26.038 INFO [main] org.apache.catalina.startup.VersionLoggerListener.log Command line argument: -Dfile.encoding=UTF-8
09-Jun-2025 23:39:26.038 INFO [main] org.apache.catalina.startup.VersionLoggerListener.log Command line argument: -Dsun.stdout.encoding=UTF-8
09-Jun-2025 23:39:26.039 INFO [main] org.apache.catalina.startup.VersionLoggerListener.log Command line argument: -Dsun.stderr.encoding=UTF-8
09-Jun-2025 23:39:26.412 INFO [main] org.apache.catalina.core.AprLifecycleListener.lifecycleEvent Loaded Apache Tomcat Native library [1.2.33] using APR version [1.7.0].
09-Jun-2025 23:39:26.412 INFO [main] org.apache.catalina.core.AprLifecycleListener.lifecycleEvent APR capabilities: IPv6 [true], sendfile [true], accept filters [false], random [true], UDS [true].
09-Jun-2025 23:39:26.412 INFO [main] org.apache.catalina.core.AprLifecycleListener.lifecycleEvent APR/OpenSSL configuration: useAprConnector [false], useOpenSSL [true]
09-Jun-2025 23:39:26.469 INFO [main] org.apache.catalina.core.AprLifecycleListener.initializeSSL OpenSSL successfully initialized [OpenSSL 1.1.1o  3 May 2022]
09-Jun-2025 23:39:27.119 INFO [main] org.apache.coyote.AbstractProtocol.init Initializing ProtocolHandler ["http-nio-8080"]
09-Jun-2025 23:39:27.150 INFO [main] org.apache.catalina.startup.Catalina.load Server initialization in [1504] milliseconds
09-Jun-2025 23:39:27.224 INFO [main] org.apache.catalina.core.StandardService.startInternal Starting service [Catalina]
09-Jun-2025 23:39:27.224 INFO [main] org.apache.catalina.core.StandardEngine.startInternal Starting Servlet engine: [Apache Tomcat/9.0.64]
09-Jun-2025 23:39:27.238 INFO [main] org.apache.catalina.startup.HostConfig.deployDescriptor Deploying deployment descriptor [F:\University Course Meterials\year3\sem 1\ServerSide programing\Lectures\serverlets\conf\Catalina\localhost\ROOT.xml]
09-Jun-2025 23:39:27.956 INFO [main] org.apache.catalina.startup.HostConfig.deployDescriptor Deployment of deployment descriptor [F:\University Course Meterials\year3\sem 1\ServerSide programing\Lectures\serverlets\conf\Catalina\localhost\ROOT.xml] has finished in [717] ms
09-Jun-2025 23:39:27.963 INFO [main] org.apache.coyote.AbstractProtocol.start Starting ProtocolHandler ["http-nio-8080"]
09-Jun-2025 23:39:28.024 INFO [main] org.apache.catalina.startup.Catalina.start Server startup in [872] milliseconds
09-Jun-2025 23:40:00.071 INFO [Thread-2] org.apache.coyote.AbstractProtocol.pause Pausing ProtocolHandler ["http-nio-8080"]
09-Jun-2025 23:40:00.081 INFO [Thread-2] org.apache.catalina.core.StandardService.stopInternal Stopping service [Catalina]
09-Jun-2025 23:40:00.094 INFO [Thread-2] org.apache.coyote.AbstractProtocol.stop Stopping ProtocolHandler ["http-nio-8080"]
09-Jun-2025 23:40:00.125 INFO [Thread-2] org.apache.coyote.AbstractProtocol.destroy Destroying ProtocolHandler ["http-nio-8080"]
09-Jun-2025 23:40:02.929 INFO [main] org.apache.catalina.startup.VersionLoggerListener.log Server version name:   Apache Tomcat/9.0.64
09-Jun-2025 23:40:02.938 INFO [main] org.apache.catalina.startup.VersionLoggerListener.log Server built:          Jun 2 2022 19:08:46 UTC
09-Jun-2025 23:40:02.939 INFO [main] org.apache.catalina.startup.VersionLoggerListener.log Server version number: 9.0.64.0
09-Jun-2025 23:40:02.939 INFO [main] org.apache.catalina.startup.VersionLoggerListener.log OS Name:               Windows 10
09-Jun-2025 23:40:02.940 INFO [main] org.apache.catalina.startup.VersionLoggerListener.log OS Version:            10.0
09-Jun-2025 23:40:02.940 INFO [main] org.apache.catalina.startup.VersionLoggerListener.log Architecture:          amd64
09-Jun-2025 23:40:02.942 INFO [main] org.apache.catalina.startup.VersionLoggerListener.log Java Home:             F:\Personal Items\softwares\jdk-21
09-Jun-2025 23:40:02.944 INFO [main] org.apache.catalina.startup.VersionLoggerListener.log JVM Version:           21+35-LTS-2513
09-Jun-2025 23:40:02.946 INFO [main] org.apache.catalina.startup.VersionLoggerListener.log JVM Vendor:            Oracle Corporation
09-Jun-2025 23:40:02.950 INFO [main] org.apache.catalina.startup.VersionLoggerListener.log CATALINA_BASE:         F:\University Course Meterials\year3\sem 1\ServerSide programing\Lectures\serverlets
09-Jun-2025 23:40:02.950 INFO [main] org.apache.catalina.startup.VersionLoggerListener.log CATALINA_HOME:         F:\tomcat\apache-tomcat-9.0.64
09-Jun-2025 23:40:02.976 INFO [main] org.apache.catalina.startup.VersionLoggerListener.log Command line argument: --add-opens=java.base/java.lang=ALL-UNNAMED
09-Jun-2025 23:40:02.977 INFO [main] org.apache.catalina.startup.VersionLoggerListener.log Command line argument: --add-opens=java.base/java.io=ALL-UNNAMED
09-Jun-2025 23:40:02.977 INFO [main] org.apache.catalina.startup.VersionLoggerListener.log Command line argument: --add-opens=java.base/java.util=ALL-UNNAMED
09-Jun-2025 23:40:02.978 INFO [main] org.apache.catalina.startup.VersionLoggerListener.log Command line argument: --add-opens=java.base/java.util.concurrent=ALL-UNNAMED
09-Jun-2025 23:40:02.978 INFO [main] org.apache.catalina.startup.VersionLoggerListener.log Command line argument: --add-opens=java.rmi/sun.rmi.transport=ALL-UNNAMED
09-Jun-2025 23:40:02.978 INFO [main] org.apache.catalina.startup.VersionLoggerListener.log Command line argument: -Dcatalina.home=F:\tomcat\apache-tomcat-9.0.64
09-Jun-2025 23:40:02.979 INFO [main] org.apache.catalina.startup.VersionLoggerListener.log Command line argument: -Dcatalina.base=F:\University Course Meterials\year3\sem 1\ServerSide programing\Lectures\serverlets
09-Jun-2025 23:40:02.979 INFO [main] org.apache.catalina.startup.VersionLoggerListener.log Command line argument: -Djava.io.tmpdir=F:\University Course Meterials\year3\sem 1\ServerSide programing\Lectures\serverlets\temp
09-Jun-2025 23:40:02.980 INFO [main] org.apache.catalina.startup.VersionLoggerListener.log Command line argument: -Djava.util.logging.config.file=F:\University Course Meterials\year3\sem 1\ServerSide programing\Lectures\serverlets\conf\logging.properties
09-Jun-2025 23:40:02.980 INFO [main] org.apache.catalina.startup.VersionLoggerListener.log Command line argument: -Djava.util.logging.manager=org.apache.juli.ClassLoaderLogManager
09-Jun-2025 23:40:02.980 INFO [main] org.apache.catalina.startup.VersionLoggerListener.log Command line argument: -javaagent:C:\Program Files\JetBrains\IntelliJ IDEA Community Edition 2023.1.2\lib\idea_rt.jar=50392:C:\Program Files\JetBrains\IntelliJ IDEA Community Edition 2023.1.2\bin
09-Jun-2025 23:40:02.980 INFO [main] org.apache.catalina.startup.VersionLoggerListener.log Command line argument: -Dfile.encoding=UTF-8
09-Jun-2025 23:40:02.981 INFO [main] org.apache.catalina.startup.VersionLoggerListener.log Command line argument: -Dsun.stdout.encoding=UTF-8
09-Jun-2025 23:40:02.981 INFO [main] org.apache.catalina.startup.VersionLoggerListener.log Command line argument: -Dsun.stderr.encoding=UTF-8
09-Jun-2025 23:40:02.987 INFO [main] org.apache.catalina.core.AprLifecycleListener.lifecycleEvent Loaded Apache Tomcat Native library [1.2.33] using APR version [1.7.0].
09-Jun-2025 23:40:02.988 INFO [main] org.apache.catalina.core.AprLifecycleListener.lifecycleEvent APR capabilities: IPv6 [true], sendfile [true], accept filters [false], random [true], UDS [true].
09-Jun-2025 23:40:02.988 INFO [main] org.apache.catalina.core.AprLifecycleListener.lifecycleEvent APR/OpenSSL configuration: useAprConnector [false], useOpenSSL [true]
09-Jun-2025 23:40:02.999 INFO [main] org.apache.catalina.core.AprLifecycleListener.initializeSSL OpenSSL successfully initialized [OpenSSL 1.1.1o  3 May 2022]
09-Jun-2025 23:40:03.809 INFO [main] org.apache.coyote.AbstractProtocol.init Initializing ProtocolHandler ["http-nio-8080"]
09-Jun-2025 23:40:03.840 INFO [main] org.apache.catalina.startup.Catalina.load Server initialization in [1315] milliseconds
09-Jun-2025 23:40:03.919 INFO [main] org.apache.catalina.core.StandardService.startInternal Starting service [Catalina]
09-Jun-2025 23:40:03.920 INFO [main] org.apache.catalina.core.StandardEngine.startInternal Starting Servlet engine: [Apache Tomcat/9.0.64]
09-Jun-2025 23:40:03.935 INFO [main] org.apache.catalina.startup.HostConfig.deployDescriptor Deploying deployment descriptor [F:\University Course Meterials\year3\sem 1\ServerSide programing\Lectures\serverlets\conf\Catalina\localhost\ROOT.xml]
09-Jun-2025 23:40:04.589 INFO [main] org.apache.catalina.startup.HostConfig.deployDescriptor Deployment of deployment descriptor [F:\University Course Meterials\year3\sem 1\ServerSide programing\Lectures\serverlets\conf\Catalina\localhost\ROOT.xml] has finished in [652] ms
09-Jun-2025 23:40:04.605 INFO [main] org.apache.coyote.AbstractProtocol.start Starting ProtocolHandler ["http-nio-8080"]
09-Jun-2025 23:40:04.684 INFO [main] org.apache.catalina.startup.Catalina.start Server startup in [841] milliseconds
09-Jun-2025 23:44:11.372 INFO [Thread-2] org.apache.coyote.AbstractProtocol.pause Pausing ProtocolHandler ["http-nio-8080"]
09-Jun-2025 23:44:11.383 INFO [Thread-2] org.apache.catalina.core.StandardService.stopInternal Stopping service [Catalina]
09-Jun-2025 23:44:11.430 INFO [Thread-2] org.apache.coyote.AbstractProtocol.stop Stopping ProtocolHandler ["http-nio-8080"]
09-Jun-2025 23:44:11.444 INFO [Thread-2] org.apache.coyote.AbstractProtocol.destroy Destroying ProtocolHandler ["http-nio-8080"]
09-Jun-2025 23:44:16.161 INFO [main] org.apache.catalina.startup.VersionLoggerListener.log Server version name:   Apache Tomcat/9.0.64
09-Jun-2025 23:44:16.168 INFO [main] org.apache.catalina.startup.VersionLoggerListener.log Server built:          Jun 2 2022 19:08:46 UTC
09-Jun-2025 23:44:16.168 INFO [main] org.apache.catalina.startup.VersionLoggerListener.log Server version number: 9.0.64.0
09-Jun-2025 23:44:16.168 INFO [main] org.apache.catalina.startup.VersionLoggerListener.log OS Name:               Windows 10
09-Jun-2025 23:44:16.168 INFO [main] org.apache.catalina.startup.VersionLoggerListener.log OS Version:            10.0
09-Jun-2025 23:44:16.168 INFO [main] org.apache.catalina.startup.VersionLoggerListener.log Architecture:          amd64
09-Jun-2025 23:44:16.175 INFO [main] org.apache.catalina.startup.VersionLoggerListener.log Java Home:             F:\Personal Items\softwares\jdk-21
09-Jun-2025 23:44:16.175 INFO [main] org.apache.catalina.startup.VersionLoggerListener.log JVM Version:           21+35-LTS-2513
09-Jun-2025 23:44:16.176 INFO [main] org.apache.catalina.startup.VersionLoggerListener.log JVM Vendor:            Oracle Corporation
09-Jun-2025 23:44:16.176 INFO [main] org.apache.catalina.startup.VersionLoggerListener.log CATALINA_BASE:         F:\University Course Meterials\year3\sem 1\ServerSide programing\Lectures\serverlets
09-Jun-2025 23:44:16.177 INFO [main] org.apache.catalina.startup.VersionLoggerListener.log CATALINA_HOME:         F:\tomcat\apache-tomcat-9.0.64
09-Jun-2025 23:44:16.192 INFO [main] org.apache.catalina.startup.VersionLoggerListener.log Command line argument: --add-opens=java.base/java.lang=ALL-UNNAMED
09-Jun-2025 23:44:16.192 INFO [main] org.apache.catalina.startup.VersionLoggerListener.log Command line argument: --add-opens=java.base/java.io=ALL-UNNAMED
09-Jun-2025 23:44:16.192 INFO [main] org.apache.catalina.startup.VersionLoggerListener.log Command line argument: --add-opens=java.base/java.util=ALL-UNNAMED
09-Jun-2025 23:44:16.193 INFO [main] org.apache.catalina.startup.VersionLoggerListener.log Command line argument: --add-opens=java.base/java.util.concurrent=ALL-UNNAMED
09-Jun-2025 23:44:16.193 INFO [main] org.apache.catalina.startup.VersionLoggerListener.log Command line argument: --add-opens=java.rmi/sun.rmi.transport=ALL-UNNAMED
09-Jun-2025 23:44:16.193 INFO [main] org.apache.catalina.startup.VersionLoggerListener.log Command line argument: -Dcatalina.home=F:\tomcat\apache-tomcat-9.0.64
09-Jun-2025 23:44:16.193 INFO [main] org.apache.catalina.startup.VersionLoggerListener.log Command line argument: -Dcatalina.base=F:\University Course Meterials\year3\sem 1\ServerSide programing\Lectures\serverlets
09-Jun-2025 23:44:16.193 INFO [main] org.apache.catalina.startup.VersionLoggerListener.log Command line argument: -Djava.io.tmpdir=F:\University Course Meterials\year3\sem 1\ServerSide programing\Lectures\serverlets\temp
09-Jun-2025 23:44:16.194 INFO [main] org.apache.catalina.startup.VersionLoggerListener.log Command line argument: -Djava.util.logging.config.file=F:\University Course Meterials\year3\sem 1\ServerSide programing\Lectures\serverlets\conf\logging.properties
09-Jun-2025 23:44:16.194 INFO [main] org.apache.catalina.startup.VersionLoggerListener.log Command line argument: -Djava.util.logging.manager=org.apache.juli.ClassLoaderLogManager
09-Jun-2025 23:44:16.194 INFO [main] org.apache.catalina.startup.VersionLoggerListener.log Command line argument: -javaagent:C:\Program Files\JetBrains\IntelliJ IDEA Community Edition 2023.1.2\lib\idea_rt.jar=50406:C:\Program Files\JetBrains\IntelliJ IDEA Community Edition 2023.1.2\bin
09-Jun-2025 23:44:16.194 INFO [main] org.apache.catalina.startup.VersionLoggerListener.log Command line argument: -Dfile.encoding=UTF-8
09-Jun-2025 23:44:16.194 INFO [main] org.apache.catalina.startup.VersionLoggerListener.log Command line argument: -Dsun.stdout.encoding=UTF-8
09-Jun-2025 23:44:16.195 INFO [main] org.apache.catalina.startup.VersionLoggerListener.log Command line argument: -Dsun.stderr.encoding=UTF-8
09-Jun-2025 23:44:16.201 INFO [main] org.apache.catalina.core.AprLifecycleListener.lifecycleEvent Loaded Apache Tomcat Native library [1.2.33] using APR version [1.7.0].
09-Jun-2025 23:44:16.201 INFO [main] org.apache.catalina.core.AprLifecycleListener.lifecycleEvent APR capabilities: IPv6 [true], sendfile [true], accept filters [false], random [true], UDS [true].
09-Jun-2025 23:44:16.201 INFO [main] org.apache.catalina.core.AprLifecycleListener.lifecycleEvent APR/OpenSSL configuration: useAprConnector [false], useOpenSSL [true]
09-Jun-2025 23:44:16.213 INFO [main] org.apache.catalina.core.AprLifecycleListener.initializeSSL OpenSSL successfully initialized [OpenSSL 1.1.1o  3 May 2022]
09-Jun-2025 23:44:16.979 INFO [main] org.apache.coyote.AbstractProtocol.init Initializing ProtocolHandler ["http-nio-8080"]
09-Jun-2025 23:44:17.019 INFO [main] org.apache.catalina.startup.Catalina.load Server initialization in [1217] milliseconds
09-Jun-2025 23:44:17.119 INFO [main] org.apache.catalina.core.StandardService.startInternal Starting service [Catalina]
09-Jun-2025 23:44:17.119 INFO [main] org.apache.catalina.core.StandardEngine.startInternal Starting Servlet engine: [Apache Tomcat/9.0.64]
09-Jun-2025 23:44:17.137 INFO [main] org.apache.catalina.startup.HostConfig.deployDescriptor Deploying deployment descriptor [F:\University Course Meterials\year3\sem 1\ServerSide programing\Lectures\serverlets\conf\Catalina\localhost\ROOT.xml]
09-Jun-2025 23:44:17.897 INFO [main] org.apache.catalina.startup.HostConfig.deployDescriptor Deployment of deployment descriptor [F:\University Course Meterials\year3\sem 1\ServerSide programing\Lectures\serverlets\conf\Catalina\localhost\ROOT.xml] has finished in [759] ms
09-Jun-2025 23:44:17.903 INFO [main] org.apache.coyote.AbstractProtocol.start Starting ProtocolHandler ["http-nio-8080"]
09-Jun-2025 23:44:17.956 INFO [main] org.apache.catalina.startup.Catalina.start Server startup in [931] milliseconds
09-Jun-2025 23:45:26.268 INFO [Thread-2] org.apache.coyote.AbstractProtocol.pause Pausing ProtocolHandler ["http-nio-8080"]
09-Jun-2025 23:45:26.285 INFO [Thread-2] org.apache.catalina.core.StandardService.stopInternal Stopping service [Catalina]
09-Jun-2025 23:45:26.316 INFO [Thread-2] org.apache.coyote.AbstractProtocol.stop Stopping ProtocolHandler ["http-nio-8080"]
09-Jun-2025 23:45:26.338 INFO [Thread-2] org.apache.coyote.AbstractProtocol.destroy Destroying ProtocolHandler ["http-nio-8080"]
09-Jun-2025 23:45:31.688 INFO [main] org.apache.catalina.startup.VersionLoggerListener.log Server version name:   Apache Tomcat/9.0.64
09-Jun-2025 23:45:31.698 INFO [main] org.apache.catalina.startup.VersionLoggerListener.log Server built:          Jun 2 2022 19:08:46 UTC
09-Jun-2025 23:45:31.698 INFO [main] org.apache.catalina.startup.VersionLoggerListener.log Server version number: 9.0.64.0
09-Jun-2025 23:45:31.699 INFO [main] org.apache.catalina.startup.VersionLoggerListener.log OS Name:               Windows 10
09-Jun-2025 23:45:31.701 INFO [main] org.apache.catalina.startup.VersionLoggerListener.log OS Version:            10.0
09-Jun-2025 23:45:31.704 INFO [main] org.apache.catalina.startup.VersionLoggerListener.log Architecture:          amd64
09-Jun-2025 23:45:31.704 INFO [main] org.apache.catalina.startup.VersionLoggerListener.log Java Home:             F:\Personal Items\softwares\jdk-21
09-Jun-2025 23:45:31.704 INFO [main] org.apache.catalina.startup.VersionLoggerListener.log JVM Version:           21+35-LTS-2513
09-Jun-2025 23:45:31.704 INFO [main] org.apache.catalina.startup.VersionLoggerListener.log JVM Vendor:            Oracle Corporation
09-Jun-2025 23:45:31.705 INFO [main] org.apache.catalina.startup.VersionLoggerListener.log CATALINA_BASE:         F:\University Course Meterials\year3\sem 1\ServerSide programing\Lectures\serverlets
09-Jun-2025 23:45:31.705 INFO [main] org.apache.catalina.startup.VersionLoggerListener.log CATALINA_HOME:         F:\tomcat\apache-tomcat-9.0.64
09-Jun-2025 23:45:31.719 INFO [main] org.apache.catalina.startup.VersionLoggerListener.log Command line argument: --add-opens=java.base/java.lang=ALL-UNNAMED
09-Jun-2025 23:45:31.720 INFO [main] org.apache.catalina.startup.VersionLoggerListener.log Command line argument: --add-opens=java.base/java.io=ALL-UNNAMED
09-Jun-2025 23:45:31.720 INFO [main] org.apache.catalina.startup.VersionLoggerListener.log Command line argument: --add-opens=java.base/java.util=ALL-UNNAMED
09-Jun-2025 23:45:31.720 INFO [main] org.apache.catalina.startup.VersionLoggerListener.log Command line argument: --add-opens=java.base/java.util.concurrent=ALL-UNNAMED
09-Jun-2025 23:45:31.720 INFO [main] org.apache.catalina.startup.VersionLoggerListener.log Command line argument: --add-opens=java.rmi/sun.rmi.transport=ALL-UNNAMED
09-Jun-2025 23:45:31.721 INFO [main] org.apache.catalina.startup.VersionLoggerListener.log Command line argument: -Dcatalina.home=F:\tomcat\apache-tomcat-9.0.64
09-Jun-2025 23:45:31.721 INFO [main] org.apache.catalina.startup.VersionLoggerListener.log Command line argument: -Dcatalina.base=F:\University Course Meterials\year3\sem 1\ServerSide programing\Lectures\serverlets
09-Jun-2025 23:45:31.721 INFO [main] org.apache.catalina.startup.VersionLoggerListener.log Command line argument: -Djava.io.tmpdir=F:\University Course Meterials\year3\sem 1\ServerSide programing\Lectures\serverlets\temp
09-Jun-2025 23:45:31.721 INFO [main] org.apache.catalina.startup.VersionLoggerListener.log Command line argument: -Djava.util.logging.config.file=F:\University Course Meterials\year3\sem 1\ServerSide programing\Lectures\serverlets\conf\logging.properties
09-Jun-2025 23:45:31.721 INFO [main] org.apache.catalina.startup.VersionLoggerListener.log Command line argument: -Djava.util.logging.manager=org.apache.juli.ClassLoaderLogManager
09-Jun-2025 23:45:31.722 INFO [main] org.apache.catalina.startup.VersionLoggerListener.log Command line argument: -javaagent:C:\Program Files\JetBrains\IntelliJ IDEA Community Edition 2023.1.2\lib\idea_rt.jar=50423:C:\Program Files\JetBrains\IntelliJ IDEA Community Edition 2023.1.2\bin
09-Jun-2025 23:45:31.722 INFO [main] org.apache.catalina.startup.VersionLoggerListener.log Command line argument: -Dfile.encoding=UTF-8
09-Jun-2025 23:45:31.722 INFO [main] org.apache.catalina.startup.VersionLoggerListener.log Command line argument: -Dsun.stdout.encoding=UTF-8
09-Jun-2025 23:45:31.722 INFO [main] org.apache.catalina.startup.VersionLoggerListener.log Command line argument: -Dsun.stderr.encoding=UTF-8
09-Jun-2025 23:45:31.729 INFO [main] org.apache.catalina.core.AprLifecycleListener.lifecycleEvent Loaded Apache Tomcat Native library [1.2.33] using APR version [1.7.0].
09-Jun-2025 23:45:31.729 INFO [main] org.apache.catalina.core.AprLifecycleListener.lifecycleEvent APR capabilities: IPv6 [true], sendfile [true], accept filters [false], random [true], UDS [true].
09-Jun-2025 23:45:31.729 INFO [main] org.apache.catalina.core.AprLifecycleListener.lifecycleEvent APR/OpenSSL configuration: useAprConnector [false], useOpenSSL [true]
09-Jun-2025 23:45:31.740 INFO [main] org.apache.catalina.core.AprLifecycleListener.initializeSSL OpenSSL successfully initialized [OpenSSL 1.1.1o  3 May 2022]
09-Jun-2025 23:45:32.596 INFO [main] org.apache.coyote.AbstractProtocol.init Initializing ProtocolHandler ["http-nio-8080"]
09-Jun-2025 23:45:32.637 INFO [main] org.apache.catalina.startup.Catalina.load Server initialization in [1497] milliseconds
09-Jun-2025 23:45:32.712 INFO [main] org.apache.catalina.core.StandardService.startInternal Starting service [Catalina]
09-Jun-2025 23:45:32.713 INFO [main] org.apache.catalina.core.StandardEngine.startInternal Starting Servlet engine: [Apache Tomcat/9.0.64]
09-Jun-2025 23:45:32.727 INFO [main] org.apache.catalina.startup.HostConfig.deployDescriptor Deploying deployment descriptor [F:\University Course Meterials\year3\sem 1\ServerSide programing\Lectures\serverlets\conf\Catalina\localhost\ROOT.xml]
09-Jun-2025 23:45:33.397 INFO [main] org.apache.catalina.startup.HostConfig.deployDescriptor Deployment of deployment descriptor [F:\University Course Meterials\year3\sem 1\ServerSide programing\Lectures\serverlets\conf\Catalina\localhost\ROOT.xml] has finished in [669] ms
09-Jun-2025 23:45:33.403 INFO [main] org.apache.coyote.AbstractProtocol.start Starting ProtocolHandler ["http-nio-8080"]
09-Jun-2025 23:45:33.457 INFO [main] org.apache.catalina.startup.Catalina.start Server startup in [818] milliseconds
09-Jun-2025 23:47:50.394 INFO [Thread-2] org.apache.coyote.AbstractProtocol.pause Pausing ProtocolHandler ["http-nio-8080"]
09-Jun-2025 23:47:50.407 INFO [Thread-2] org.apache.catalina.core.StandardService.stopInternal Stopping service [Catalina]
09-Jun-2025 23:47:50.442 INFO [Thread-2] org.apache.coyote.AbstractProtocol.stop Stopping ProtocolHandler ["http-nio-8080"]
09-Jun-2025 23:47:50.460 INFO [Thread-2] org.apache.coyote.AbstractProtocol.destroy Destroying ProtocolHandler ["http-nio-8080"]
09-Jun-2025 23:47:54.983 INFO [main] org.apache.catalina.startup.VersionLoggerListener.log Server version name:   Apache Tomcat/9.0.64
09-Jun-2025 23:47:54.990 INFO [main] org.apache.catalina.startup.VersionLoggerListener.log Server built:          Jun 2 2022 19:08:46 UTC
09-Jun-2025 23:47:54.990 INFO [main] org.apache.catalina.startup.VersionLoggerListener.log Server version number: 9.0.64.0
09-Jun-2025 23:47:54.990 INFO [main] org.apache.catalina.startup.VersionLoggerListener.log OS Name:               Windows 10
09-Jun-2025 23:47:54.991 INFO [main] org.apache.catalina.startup.VersionLoggerListener.log OS Version:            10.0
09-Jun-2025 23:47:54.991 INFO [main] org.apache.catalina.startup.VersionLoggerListener.log Architecture:          amd64
09-Jun-2025 23:47:54.991 INFO [main] org.apache.catalina.startup.VersionLoggerListener.log Java Home:             F:\Personal Items\softwares\jdk-21
09-Jun-2025 23:47:54.991 INFO [main] org.apache.catalina.startup.VersionLoggerListener.log JVM Version:           21+35-LTS-2513
09-Jun-2025 23:47:54.991 INFO [main] org.apache.catalina.startup.VersionLoggerListener.log JVM Vendor:            Oracle Corporation
09-Jun-2025 23:47:54.992 INFO [main] org.apache.catalina.startup.VersionLoggerListener.log CATALINA_BASE:         F:\University Course Meterials\year3\sem 1\ServerSide programing\Lectures\serverlets
09-Jun-2025 23:47:54.992 INFO [main] org.apache.catalina.startup.VersionLoggerListener.log CATALINA_HOME:         F:\tomcat\apache-tomcat-9.0.64
09-Jun-2025 23:47:55.007 INFO [main] org.apache.catalina.startup.VersionLoggerListener.log Command line argument: --add-opens=java.base/java.lang=ALL-UNNAMED
09-Jun-2025 23:47:55.007 INFO [main] org.apache.catalina.startup.VersionLoggerListener.log Command line argument: --add-opens=java.base/java.io=ALL-UNNAMED
09-Jun-2025 23:47:55.007 INFO [main] org.apache.catalina.startup.VersionLoggerListener.log Command line argument: --add-opens=java.base/java.util=ALL-UNNAMED
09-Jun-2025 23:47:55.007 INFO [main] org.apache.catalina.startup.VersionLoggerListener.log Command line argument: --add-opens=java.base/java.util.concurrent=ALL-UNNAMED
09-Jun-2025 23:47:55.007 INFO [main] org.apache.catalina.startup.VersionLoggerListener.log Command line argument: --add-opens=java.rmi/sun.rmi.transport=ALL-UNNAMED
09-Jun-2025 23:47:55.008 INFO [main] org.apache.catalina.startup.VersionLoggerListener.log Command line argument: -Dcatalina.home=F:\tomcat\apache-tomcat-9.0.64
09-Jun-2025 23:47:55.008 INFO [main] org.apache.catalina.startup.VersionLoggerListener.log Command line argument: -Dcatalina.base=F:\University Course Meterials\year3\sem 1\ServerSide programing\Lectures\serverlets
09-Jun-2025 23:47:55.008 INFO [main] org.apache.catalina.startup.VersionLoggerListener.log Command line argument: -Djava.io.tmpdir=F:\University Course Meterials\year3\sem 1\ServerSide programing\Lectures\serverlets\temp
09-Jun-2025 23:47:55.008 INFO [main] org.apache.catalina.startup.VersionLoggerListener.log Command line argument: -Djava.util.logging.config.file=F:\University Course Meterials\year3\sem 1\ServerSide programing\Lectures\serverlets\conf\logging.properties
09-Jun-2025 23:47:55.008 INFO [main] org.apache.catalina.startup.VersionLoggerListener.log Command line argument: -Djava.util.logging.manager=org.apache.juli.ClassLoaderLogManager
09-Jun-2025 23:47:55.008 INFO [main] org.apache.catalina.startup.VersionLoggerListener.log Command line argument: -javaagent:C:\Program Files\JetBrains\IntelliJ IDEA Community Edition 2023.1.2\lib\idea_rt.jar=50448:C:\Program Files\JetBrains\IntelliJ IDEA Community Edition 2023.1.2\bin
09-Jun-2025 23:47:55.009 INFO [main] org.apache.catalina.startup.VersionLoggerListener.log Command line argument: -Dfile.encoding=UTF-8
09-Jun-2025 23:47:55.009 INFO [main] org.apache.catalina.startup.VersionLoggerListener.log Command line argument: -Dsun.stdout.encoding=UTF-8
09-Jun-2025 23:47:55.009 INFO [main] org.apache.catalina.startup.VersionLoggerListener.log Command line argument: -Dsun.stderr.encoding=UTF-8
09-Jun-2025 23:47:55.014 INFO [main] org.apache.catalina.core.AprLifecycleListener.lifecycleEvent Loaded Apache Tomcat Native library [1.2.33] using APR version [1.7.0].
09-Jun-2025 23:47:55.015 INFO [main] org.apache.catalina.core.AprLifecycleListener.lifecycleEvent APR capabilities: IPv6 [true], sendfile [true], accept filters [false], random [true], UDS [true].
09-Jun-2025 23:47:55.015 INFO [main] org.apache.catalina.core.AprLifecycleListener.lifecycleEvent APR/OpenSSL configuration: useAprConnector [false], useOpenSSL [true]
09-Jun-2025 23:47:55.025 INFO [main] org.apache.catalina.core.AprLifecycleListener.initializeSSL OpenSSL successfully initialized [OpenSSL 1.1.1o  3 May 2022]
09-Jun-2025 23:47:55.750 INFO [main] org.apache.coyote.AbstractProtocol.init Initializing ProtocolHandler ["http-nio-8080"]
09-Jun-2025 23:47:55.783 INFO [main] org.apache.catalina.startup.Catalina.load Server initialization in [1169] milliseconds
09-Jun-2025 23:47:55.861 INFO [main] org.apache.catalina.core.StandardService.startInternal Starting service [Catalina]
09-Jun-2025 23:47:55.861 INFO [main] org.apache.catalina.core.StandardEngine.startInternal Starting Servlet engine: [Apache Tomcat/9.0.64]
09-Jun-2025 23:47:55.882 INFO [main] org.apache.catalina.startup.HostConfig.deployDescriptor Deploying deployment descriptor [F:\University Course Meterials\year3\sem 1\ServerSide programing\Lectures\serverlets\conf\Catalina\localhost\ROOT.xml]
09-Jun-2025 23:47:56.549 INFO [main] org.apache.catalina.startup.HostConfig.deployDescriptor Deployment of deployment descriptor [F:\University Course Meterials\year3\sem 1\ServerSide programing\Lectures\serverlets\conf\Catalina\localhost\ROOT.xml] has finished in [667] ms
09-Jun-2025 23:47:56.555 INFO [main] org.apache.coyote.AbstractProtocol.start Starting ProtocolHandler ["http-nio-8080"]
09-Jun-2025 23:47:56.617 INFO [main] org.apache.catalina.startup.Catalina.start Server startup in [830] milliseconds
